<?xml version="1.0" encoding="UTF-8"?>
<testsuite xmlns:xsi="http://www.w3.org/2001/XMLSchema-instance" xsi:noNamespaceSchemaLocation="https://maven.apache.org/surefire/maven-surefire-plugin/xsd/surefire-test-report-3.0.xsd" version="3.0" name="TestSuite" time="79.953" tests="5" errors="0" skipped="0" failures="0">
  <properties>
    <property name="gopherProxySet" value="false"/>
    <property name="awt.toolkit" value="sun.lwawt.macosx.LWCToolkit"/>
    <property name="surefire.suiteXmlFiles" value="testng_android.xml"/>
    <property name="file.encoding.pkg" value="sun.io"/>
    <property name="java.specification.version" value="1.8"/>
    <property name="sun.cpu.isalist" value=""/>
    <property name="sun.jnu.encoding" value="UTF-8"/>
    <property name="java.class.path" value="/Users/gk2210m1s/QA-Automation/target/test-classes:/Users/gk2210m1s/QA-Automation/target/classes:/Users/gk2210m1s/.m2/repository/log4j/log4j/1.2.17/log4j-1.2.17.jar:/Users/gk2210m1s/.m2/repository/org/testng/testng/7.4.0/testng-7.4.0.jar:/Users/gk2210m1s/.m2/repository/com/beust/jcommander/1.78/jcommander-1.78.jar:/Users/gk2210m1s/.m2/repository/org/webjars/jquery/3.5.1/jquery-3.5.1.jar:/Users/gk2210m1s/.m2/repository/org/seleniumhq/selenium/selenium-java/4.5.3/selenium-java-4.5.3.jar:/Users/gk2210m1s/.m2/repository/org/seleniumhq/selenium/selenium-api/4.5.3/selenium-api-4.5.3.jar:/Users/gk2210m1s/.m2/repository/org/seleniumhq/selenium/selenium-devtools-v104/4.5.3/selenium-devtools-v104-4.5.3.jar:/Users/gk2210m1s/.m2/repository/org/seleniumhq/selenium/selenium-devtools-v105/4.5.3/selenium-devtools-v105-4.5.3.jar:/Users/gk2210m1s/.m2/repository/org/seleniumhq/selenium/selenium-devtools-v106/4.5.3/selenium-devtools-v106-4.5.3.jar:/Users/gk2210m1s/.m2/repository/org/seleniumhq/selenium/selenium-devtools-v85/4.5.3/selenium-devtools-v85-4.5.3.jar:/Users/gk2210m1s/.m2/repository/org/seleniumhq/selenium/selenium-remote-driver/4.5.3/selenium-remote-driver-4.5.3.jar:/Users/gk2210m1s/.m2/repository/io/netty/netty-buffer/4.1.84.Final/netty-buffer-4.1.84.Final.jar:/Users/gk2210m1s/.m2/repository/io/netty/netty-codec-http/4.1.84.Final/netty-codec-http-4.1.84.Final.jar:/Users/gk2210m1s/.m2/repository/io/netty/netty-codec/4.1.84.Final/netty-codec-4.1.84.Final.jar:/Users/gk2210m1s/.m2/repository/io/netty/netty-handler/4.1.84.Final/netty-handler-4.1.84.Final.jar:/Users/gk2210m1s/.m2/repository/io/netty/netty-common/4.1.84.Final/netty-common-4.1.84.Final.jar:/Users/gk2210m1s/.m2/repository/io/netty/netty-transport-classes-epoll/4.1.84.Final/netty-transport-classes-epoll-4.1.84.Final.jar:/Users/gk2210m1s/.m2/repository/io/netty/netty-transport-classes-kqueue/4.1.84.Final/netty-transport-classes-kqueue-4.1.84.Final.jar:/Users/gk2210m1s/.m2/repository/io/netty/netty-transport-native-epoll/4.1.84.Final/netty-transport-native-epoll-4.1.84.Final.jar:/Users/gk2210m1s/.m2/repository/io/netty/netty-transport-native-kqueue/4.1.84.Final/netty-transport-native-kqueue-4.1.84.Final.jar:/Users/gk2210m1s/.m2/repository/io/netty/netty-transport-native-unix-common/4.1.84.Final/netty-transport-native-unix-common-4.1.84.Final.jar:/Users/gk2210m1s/.m2/repository/io/netty/netty-transport/4.1.84.Final/netty-transport-4.1.84.Final.jar:/Users/gk2210m1s/.m2/repository/io/netty/netty-resolver/4.1.84.Final/netty-resolver-4.1.84.Final.jar:/Users/gk2210m1s/.m2/repository/io/opentelemetry/opentelemetry-api/1.19.0/opentelemetry-api-1.19.0.jar:/Users/gk2210m1s/.m2/repository/io/opentelemetry/opentelemetry-context/1.19.0/opentelemetry-context-1.19.0.jar:/Users/gk2210m1s/.m2/repository/io/opentelemetry/opentelemetry-exporter-logging/1.19.0/opentelemetry-exporter-logging-1.19.0.jar:/Users/gk2210m1s/.m2/repository/io/opentelemetry/opentelemetry-sdk-metrics/1.19.0/opentelemetry-sdk-metrics-1.19.0.jar:/Users/gk2210m1s/.m2/repository/io/opentelemetry/opentelemetry-sdk-logs/1.19.0-alpha/opentelemetry-sdk-logs-1.19.0-alpha.jar:/Users/gk2210m1s/.m2/repository/io/opentelemetry/opentelemetry-api-logs/1.19.0-alpha/opentelemetry-api-logs-1.19.0-alpha.jar:/Users/gk2210m1s/.m2/repository/io/opentelemetry/opentelemetry-sdk-common/1.19.0/opentelemetry-sdk-common-1.19.0.jar:/Users/gk2210m1s/.m2/repository/io/opentelemetry/opentelemetry-sdk-extension-autoconfigure-spi/1.19.0/opentelemetry-sdk-extension-autoconfigure-spi-1.19.0.jar:/Users/gk2210m1s/.m2/repository/io/opentelemetry/opentelemetry-sdk-extension-autoconfigure/1.19.0-alpha/opentelemetry-sdk-extension-autoconfigure-1.19.0-alpha.jar:/Users/gk2210m1s/.m2/repository/io/opentelemetry/opentelemetry-exporter-common/1.19.0/opentelemetry-exporter-common-1.19.0.jar:/Users/gk2210m1s/.m2/repository/io/opentelemetry/opentelemetry-sdk-trace/1.19.0/opentelemetry-sdk-trace-1.19.0.jar:/Users/gk2210m1s/.m2/repository/io/opentelemetry/opentelemetry-sdk/1.19.0/opentelemetry-sdk-1.19.0.jar:/Users/gk2210m1s/.m2/repository/io/opentelemetry/opentelemetry-semconv/1.19.0-alpha/opentelemetry-semconv-1.19.0-alpha.jar:/Users/gk2210m1s/.m2/repository/io/ous/jtoml/2.0.0/jtoml-2.0.0.jar:/Users/gk2210m1s/.m2/repository/org/apache/commons/commons-exec/1.3/commons-exec-1.3.jar:/Users/gk2210m1s/.m2/repository/org/asynchttpclient/async-http-client/2.12.3/async-http-client-2.12.3.jar:/Users/gk2210m1s/.m2/repository/org/asynchttpclient/async-http-client-netty-utils/2.12.3/async-http-client-netty-utils-2.12.3.jar:/Users/gk2210m1s/.m2/repository/io/netty/netty-codec-socks/4.1.60.Final/netty-codec-socks-4.1.60.Final.jar:/Users/gk2210m1s/.m2/repository/io/netty/netty-transport-native-epoll/4.1.60.Final/netty-transport-native-epoll-4.1.60.Final-linux-x86_64.jar:/Users/gk2210m1s/.m2/repository/io/netty/netty-transport-native-kqueue/4.1.60.Final/netty-transport-native-kqueue-4.1.60.Final-osx-x86_64.jar:/Users/gk2210m1s/.m2/repository/org/reactivestreams/reactive-streams/1.0.3/reactive-streams-1.0.3.jar:/Users/gk2210m1s/.m2/repository/com/typesafe/netty/netty-reactive-streams/2.0.4/netty-reactive-streams-2.0.4.jar:/Users/gk2210m1s/.m2/repository/com/sun/activation/jakarta.activation/1.2.2/jakarta.activation-1.2.2.jar:/Users/gk2210m1s/.m2/repository/org/seleniumhq/selenium/selenium-http/4.5.3/selenium-http-4.5.3.jar:/Users/gk2210m1s/.m2/repository/dev/failsafe/failsafe/3.3.0/failsafe-3.3.0.jar:/Users/gk2210m1s/.m2/repository/org/seleniumhq/selenium/selenium-safari-driver/4.5.3/selenium-safari-driver-4.5.3.jar:/Users/gk2210m1s/.m2/repository/org/seleniumhq/selenium/selenium-firefox-driver/4.5.3/selenium-firefox-driver-4.5.3.jar:/Users/gk2210m1s/.m2/repository/com/google/auto/service/auto-service-annotations/1.0.1/auto-service-annotations-1.0.1.jar:/Users/gk2210m1s/.m2/repository/com/google/auto/service/auto-service/1.0.1/auto-service-1.0.1.jar:/Users/gk2210m1s/.m2/repository/com/google/auto/auto-common/1.2/auto-common-1.2.jar:/Users/gk2210m1s/.m2/repository/org/seleniumhq/selenium/selenium-json/4.5.3/selenium-json-4.5.3.jar:/Users/gk2210m1s/.m2/repository/org/seleniumhq/selenium/selenium-chrome-driver/4.5.3/selenium-chrome-driver-4.5.3.jar:/Users/gk2210m1s/.m2/repository/org/seleniumhq/selenium/selenium-chromium-driver/4.5.3/selenium-chromium-driver-4.5.3.jar:/Users/gk2210m1s/.m2/repository/org/seleniumhq/selenium/selenium-edge-driver/4.5.3/selenium-edge-driver-4.5.3.jar:/Users/gk2210m1s/.m2/repository/io/appium/java-client/8.2.0/java-client-8.2.0.jar:/Users/gk2210m1s/.m2/repository/com/google/code/gson/gson/2.9.1/gson-2.9.1.jar:/Users/gk2210m1s/.m2/repository/commons-codec/commons-codec/1.15/commons-codec-1.15.jar:/Users/gk2210m1s/.m2/repository/cglib/cglib/3.3.0/cglib-3.3.0.jar:/Users/gk2210m1s/.m2/repository/org/ow2/asm/asm/7.1/asm-7.1.jar:/Users/gk2210m1s/.m2/repository/commons-validator/commons-validator/1.7/commons-validator-1.7.jar:/Users/gk2210m1s/.m2/repository/commons-beanutils/commons-beanutils/1.9.4/commons-beanutils-1.9.4.jar:/Users/gk2210m1s/.m2/repository/commons-digester/commons-digester/2.1/commons-digester-2.1.jar:/Users/gk2210m1s/.m2/repository/commons-logging/commons-logging/1.2/commons-logging-1.2.jar:/Users/gk2210m1s/.m2/repository/commons-collections/commons-collections/3.2.2/commons-collections-3.2.2.jar:/Users/gk2210m1s/.m2/repository/org/apache/commons/commons-lang3/3.12.0/commons-lang3-3.12.0.jar:/Users/gk2210m1s/.m2/repository/commons-io/commons-io/2.11.0/commons-io-2.11.0.jar:/Users/gk2210m1s/.m2/repository/org/seleniumhq/selenium/selenium-ie-driver/4.5.3/selenium-ie-driver-4.5.3.jar:/Users/gk2210m1s/.m2/repository/org/seleniumhq/selenium/selenium-support/4.5.3/selenium-support-4.5.3.jar:/Users/gk2210m1s/.m2/repository/net/bytebuddy/byte-buddy/1.12.18/byte-buddy-1.12.18.jar:/Users/gk2210m1s/.m2/repository/com/github/detro/ghostdriver/2.1.0/ghostdriver-2.1.0.jar:/Users/gk2210m1s/.m2/repository/io/github/bonigarcia/webdrivermanager/5.3.0/webdrivermanager-5.3.0.jar:/Users/gk2210m1s/.m2/repository/com/github/docker-java/docker-java/3.2.13/docker-java-3.2.13.jar:/Users/gk2210m1s/.m2/repository/com/github/docker-java/docker-java/docker-java/3.2.13/docker-java-3.2.13.jar:/Users/gk2210m1s/.m2/repository/com/github/docker-java/docker-java/docker-java-api/3.2.13/docker-java-api-3.2.13.jar:/Users/gk2210m1s/.m2/repository/com/github/docker-java/docker-java/docker-java-core/3.2.13/docker-java-core-3.2.13.jar:/Users/gk2210m1s/.m2/repository/com/github/docker-java/docker-java/docker-java-transport/3.2.13/docker-java-transport-3.2.13.jar:/Users/gk2210m1s/.m2/repository/com/github/docker-java/docker-java/docker-java-transport-httpclient5/3.2.13/docker-java-transport-httpclient5-3.2.13.jar:/Users/gk2210m1s/.m2/repository/com/github/docker-java/docker-java/docker-java-transport-jersey/3.2.13/docker-java-transport-jersey-3.2.13.jar:/Users/gk2210m1s/.m2/repository/com/fasterxml/jackson/jaxrs/jackson-jaxrs-json-provider/2.10.3/jackson-jaxrs-json-provider-2.10.3.jar:/Users/gk2210m1s/.m2/repository/com/fasterxml/jackson/jaxrs/jackson-jaxrs-base/2.10.3/jackson-jaxrs-base-2.10.3.jar:/Users/gk2210m1s/.m2/repository/com/fasterxml/jackson/module/jackson-module-jaxb-annotations/2.10.3/jackson-module-jaxb-annotations-2.10.3.jar:/Users/gk2210m1s/.m2/repository/org/glassfish/jersey/connectors/jersey-apache-connector/2.30.1/jersey-apache-connector-2.30.1.jar:/Users/gk2210m1s/.m2/repository/org/glassfish/jersey/core/jersey-common/2.30.1/jersey-common-2.30.1.jar:/Users/gk2210m1s/.m2/repository/jakarta/annotation/jakarta.annotation-api/1.3.5/jakarta.annotation-api-1.3.5.jar:/Users/gk2210m1s/.m2/repository/org/glassfish/hk2/osgi-resource-locator/1.0.3/osgi-resource-locator-1.0.3.jar:/Users/gk2210m1s/.m2/repository/jakarta/ws/rs/jakarta.ws.rs-api/2.1.6/jakarta.ws.rs-api-2.1.6.jar:/Users/gk2210m1s/.m2/repository/org/glassfish/jersey/core/jersey-client/2.30.1/jersey-client-2.30.1.jar:/Users/gk2210m1s/.m2/repository/org/glassfish/hk2/external/jakarta.inject/2.6.1/jakarta.inject-2.6.1.jar:/Users/gk2210m1s/.m2/repository/org/glassfish/jersey/inject/jersey-hk2/2.30.1/jersey-hk2-2.30.1.jar:/Users/gk2210m1s/.m2/repository/org/glassfish/hk2/hk2-locator/2.6.1/hk2-locator-2.6.1.jar:/Users/gk2210m1s/.m2/repository/org/glassfish/hk2/external/aopalliance-repackaged/2.6.1/aopalliance-repackaged-2.6.1.jar:/Users/gk2210m1s/.m2/repository/org/glassfish/hk2/hk2-api/2.6.1/hk2-api-2.6.1.jar:/Users/gk2210m1s/.m2/repository/org/glassfish/hk2/hk2-utils/2.6.1/hk2-utils-2.6.1.jar:/Users/gk2210m1s/.m2/repository/org/javassist/javassist/3.25.0-GA/javassist-3.25.0-GA.jar:/Users/gk2210m1s/.m2/repository/com/kohlschutter/junixsocket/junixsocket-common/2.3.2/junixsocket-common-2.3.2.jar:/Users/gk2210m1s/.m2/repository/com/kohlschutter/junixsocket/junixsocket-native-common/2.3.2/junixsocket-native-common-2.3.2.jar:/Users/gk2210m1s/.m2/repository/com/github/docker-java/docker-java/docker-java-transport-netty/3.2.13/docker-java-transport-netty-3.2.13.jar:/Users/gk2210m1s/.m2/repository/com/github/docker-java/docker-java/docker-java-transport-okhttp/3.2.13/docker-java-transport-okhttp-3.2.13.jar:/Users/gk2210m1s/.m2/repository/com/squareup/okhttp3/okhttp/3.14.9/okhttp-3.14.9.jar:/Users/gk2210m1s/.m2/repository/com/github/docker-java/docker-java/docker-java-transport-tck/3.2.13/docker-java-transport-tck-3.2.13.jar:/Users/gk2210m1s/.m2/repository/org/assertj/assertj-core/3.22.0/assertj-core-3.22.0.jar:/Users/gk2210m1s/.m2/repository/com/squareup/okhttp3/mockwebserver/3.14.9/mockwebserver-3.14.9.jar:/Users/gk2210m1s/.m2/repository/org/testcontainers/testcontainers/1.16.3/testcontainers-1.16.3.jar:/Users/gk2210m1s/.m2/repository/org/rnorth/duct-tape/duct-tape/1.0.8/duct-tape-1.0.8.jar:/Users/gk2210m1s/.m2/repository/org/jetbrains/annotations/17.0.0/annotations-17.0.0.jar:/Users/gk2210m1s/.m2/repository/com/github/docker-java/docker-java-api/3.2.12/docker-java-api-3.2.12.jar:/Users/gk2210m1s/.m2/repository/com/github/docker-java/docker-java-transport-zerodep/3.2.12/docker-java-transport-zerodep-3.2.12.jar:/Users/gk2210m1s/.m2/repository/org/slf4j/slf4j-jdk14/1.7.35/slf4j-jdk14-1.7.35.jar:/Users/gk2210m1s/.m2/repository/com/github/docker-java/docker-java/docker-java-transport-zerodep/3.2.13/docker-java-transport-zerodep-3.2.13.jar:/Users/gk2210m1s/.m2/repository/com/github/docker-java/docker-java-transport-httpclient5/3.2.13/docker-java-transport-httpclient5-3.2.13.jar:/Users/gk2210m1s/.m2/repository/com/github/docker-java/docker-java-transport/3.2.13/docker-java-transport-3.2.13.jar:/Users/gk2210m1s/.m2/repository/net/java/dev/jna/jna/5.8.0/jna-5.8.0.jar:/Users/gk2210m1s/.m2/repository/org/brotli/dec/0.1.2/dec-0.1.2.jar:/Users/gk2210m1s/.m2/repository/org/apache/httpcomponents/client5/httpclient5/5.1.3/httpclient5-5.1.3.jar:/Users/gk2210m1s/.m2/repository/org/apache/httpcomponents/core5/httpcore5/5.1.3/httpcore5-5.1.3.jar:/Users/gk2210m1s/.m2/repository/org/apache/httpcomponents/core5/httpcore5-h2/5.1.3/httpcore5-h2-5.1.3.jar:/Users/gk2210m1s/.m2/repository/ru/yandex/qatools/properties/properties-loader/1.5/properties-loader-1.5.jar:/Users/gk2210m1s/.m2/repository/commons-beanutils/commons-beanutils-core/1.8.3/commons-beanutils-core-1.8.3.jar:/Users/gk2210m1s/.m2/repository/ru/yandex/qatools/ashot/ashot/1.5.4/ashot-1.5.4.jar:/Users/gk2210m1s/.m2/repository/org/hamcrest/hamcrest-core/1.3/hamcrest-core-1.3.jar:/Users/gk2210m1s/.m2/repository/org/hamcrest/hamcrest/2.2/hamcrest-2.2.jar:/Users/gk2210m1s/.m2/repository/ru/qatools/commons/properties/2.0.RC6/properties-2.0.RC6.jar:/Users/gk2210m1s/.m2/repository/ru/yandex/qatools/htmlelements/htmlelements-java/1.17/htmlelements-java-1.17.jar:/Users/gk2210m1s/.m2/repository/joda-time/joda-time/2.10.10/joda-time-2.10.10.jar:/Users/gk2210m1s/.m2/repository/org/apache/poi/poi/5.0.0/poi-5.0.0.jar:/Users/gk2210m1s/.m2/repository/org/apache/commons/commons-collections4/4.4/commons-collections4-4.4.jar:/Users/gk2210m1s/.m2/repository/org/apache/commons/commons-math3/3.6.1/commons-math3-3.6.1.jar:/Users/gk2210m1s/.m2/repository/com/zaxxer/SparseBitSet/1.2/SparseBitSet-1.2.jar:/Users/gk2210m1s/.m2/repository/org/apache/poi/poi-ooxml/5.0.0/poi-ooxml-5.0.0.jar:/Users/gk2210m1s/.m2/repository/org/apache/poi/poi-ooxml-lite/5.0.0/poi-ooxml-lite-5.0.0.jar:/Users/gk2210m1s/.m2/repository/org/apache/commons/commons-compress/1.20/commons-compress-1.20.jar:/Users/gk2210m1s/.m2/repository/com/github/virtuald/curvesapi/1.06/curvesapi-1.06.jar:/Users/gk2210m1s/.m2/repository/org/bouncycastle/bcpkix-jdk15on/1.68/bcpkix-jdk15on-1.68.jar:/Users/gk2210m1s/.m2/repository/org/bouncycastle/bcprov-jdk15on/1.68/bcprov-jdk15on-1.68.jar:/Users/gk2210m1s/.m2/repository/org/apache/santuario/xmlsec/2.2.1/xmlsec-2.2.1.jar:/Users/gk2210m1s/.m2/repository/com/fasterxml/woodstox/woodstox-core/5.2.1/woodstox-core-5.2.1.jar:/Users/gk2210m1s/.m2/repository/org/codehaus/woodstox/stax2-api/4.2/stax2-api-4.2.jar:/Users/gk2210m1s/.m2/repository/org/apache/xmlgraphics/batik-all/1.13/batik-all-1.13.jar:/Users/gk2210m1s/.m2/repository/org/apache/xmlgraphics/batik-anim/1.13/batik-anim-1.13.jar:/Users/gk2210m1s/.m2/repository/org/apache/xmlgraphics/batik-shared-resources/1.13/batik-shared-resources-1.13.jar:/Users/gk2210m1s/.m2/repository/xml-apis/xml-apis-ext/1.3.04/xml-apis-ext-1.3.04.jar:/Users/gk2210m1s/.m2/repository/org/apache/xmlgraphics/batik-awt-util/1.13/batik-awt-util-1.13.jar:/Users/gk2210m1s/.m2/repository/org/apache/xmlgraphics/xmlgraphics-commons/2.4/xmlgraphics-commons-2.4.jar:/Users/gk2210m1s/.m2/repository/org/apache/xmlgraphics/batik-bridge/1.13/batik-bridge-1.13.jar:/Users/gk2210m1s/.m2/repository/org/apache/xmlgraphics/batik-codec/1.13/batik-codec-1.13.jar:/Users/gk2210m1s/.m2/repository/org/apache/xmlgraphics/batik-constants/1.13/batik-constants-1.13.jar:/Users/gk2210m1s/.m2/repository/org/apache/xmlgraphics/batik-css/1.13/batik-css-1.13.jar:/Users/gk2210m1s/.m2/repository/org/apache/xmlgraphics/batik-dom/1.13/batik-dom-1.13.jar:/Users/gk2210m1s/.m2/repository/xalan/xalan/2.7.2/xalan-2.7.2.jar:/Users/gk2210m1s/.m2/repository/xalan/serializer/2.7.2/serializer-2.7.2.jar:/Users/gk2210m1s/.m2/repository/org/apache/xmlgraphics/batik-ext/1.13/batik-ext-1.13.jar:/Users/gk2210m1s/.m2/repository/org/apache/xmlgraphics/batik-extension/1.13/batik-extension-1.13.jar:/Users/gk2210m1s/.m2/repository/org/apache/xmlgraphics/batik-gui-util/1.13/batik-gui-util-1.13.jar:/Users/gk2210m1s/.m2/repository/org/apache/xmlgraphics/batik-gvt/1.13/batik-gvt-1.13.jar:/Users/gk2210m1s/.m2/repository/org/apache/xmlgraphics/batik-i18n/1.13/batik-i18n-1.13.jar:/Users/gk2210m1s/.m2/repository/org/apache/xmlgraphics/batik-parser/1.13/batik-parser-1.13.jar:/Users/gk2210m1s/.m2/repository/org/apache/xmlgraphics/batik-rasterizer-ext/1.13/batik-rasterizer-ext-1.13.jar:/Users/gk2210m1s/.m2/repository/org/apache/xmlgraphics/batik-rasterizer/1.13/batik-rasterizer-1.13.jar:/Users/gk2210m1s/.m2/repository/org/apache/xmlgraphics/batik-script/1.13/batik-script-1.13.jar:/Users/gk2210m1s/.m2/repository/org/apache/xmlgraphics/batik-slideshow/1.13/batik-slideshow-1.13.jar:/Users/gk2210m1s/.m2/repository/org/apache/xmlgraphics/batik-squiggle-ext/1.13/batik-squiggle-ext-1.13.jar:/Users/gk2210m1s/.m2/repository/org/apache/xmlgraphics/batik-squiggle/1.13/batik-squiggle-1.13.jar:/Users/gk2210m1s/.m2/repository/org/apache/xmlgraphics/batik-svg-dom/1.13/batik-svg-dom-1.13.jar:/Users/gk2210m1s/.m2/repository/org/apache/xmlgraphics/batik-svgbrowser/1.13/batik-svgbrowser-1.13.jar:/Users/gk2210m1s/.m2/repository/org/apache/xmlgraphics/batik-svggen/1.13/batik-svggen-1.13.jar:/Users/gk2210m1s/.m2/repository/org/apache/xmlgraphics/batik-svgpp/1.13/batik-svgpp-1.13.jar:/Users/gk2210m1s/.m2/repository/org/apache/xmlgraphics/batik-svgrasterizer/1.13/batik-svgrasterizer-1.13.jar:/Users/gk2210m1s/.m2/repository/org/apache/xmlgraphics/batik-swing/1.13/batik-swing-1.13.jar:/Users/gk2210m1s/.m2/repository/org/apache/xmlgraphics/batik-transcoder/1.13/batik-transcoder-1.13.jar:/Users/gk2210m1s/.m2/repository/org/apache/xmlgraphics/batik-util/1.13/batik-util-1.13.jar:/Users/gk2210m1s/.m2/repository/org/apache/xmlgraphics/batik-ttf2svg/1.13/batik-ttf2svg-1.13.jar:/Users/gk2210m1s/.m2/repository/org/apache/xmlgraphics/batik-xml/1.13/batik-xml-1.13.jar:/Users/gk2210m1s/.m2/repository/de/rototor/pdfbox/graphics2d/0.30/graphics2d-0.30.jar:/Users/gk2210m1s/.m2/repository/org/apache/pdfbox/pdfbox/2.0.22/pdfbox-2.0.22.jar:/Users/gk2210m1s/.m2/repository/org/apache/pdfbox/fontbox/2.0.22/fontbox-2.0.22.jar:/Users/gk2210m1s/.m2/repository/org/apache/poi/poi-ooxml-schemas/4.1.2/poi-ooxml-schemas-4.1.2.jar:/Users/gk2210m1s/.m2/repository/org/apache/poi/ooxml-schemas/1.4/ooxml-schemas-1.4.jar:/Users/gk2210m1s/.m2/repository/org/apache/xmlbeans/xmlbeans/5.0.1/xmlbeans-5.0.1.jar:/Users/gk2210m1s/.m2/repository/org/apache/logging/log4j/log4j-api/2.14.0/log4j-api-2.14.0.jar:/Users/gk2210m1s/.m2/repository/xml-apis/xml-apis/1.4.01/xml-apis-1.4.01.jar:/Users/gk2210m1s/.m2/repository/org/aspectj/aspectjtools/1.9.8.M1/aspectjtools-1.9.8.M1.jar:/Users/gk2210m1s/.m2/repository/org/aspectj/aspectjrt/1.9.8.M1/aspectjrt-1.9.8.M1.jar:/Users/gk2210m1s/.m2/repository/org/slf4j/slf4j-api/2.0.0-alpha2/slf4j-api-2.0.0-alpha2.jar:/Users/gk2210m1s/.m2/repository/org/slf4j/slf4j-log4j12/2.0.0-alpha2/slf4j-log4j12-2.0.0-alpha2.jar:/Users/gk2210m1s/.m2/repository/org/slf4j/jul-to-slf4j/2.0.0-alpha2/jul-to-slf4j-2.0.0-alpha2.jar:/Users/gk2210m1s/.m2/repository/org/slf4j/jcl-over-slf4j/2.0.0-alpha2/jcl-over-slf4j-2.0.0-alpha2.jar:/Users/gk2210m1s/.m2/repository/com/automation-remarks/video-recorder-testng/1.4/video-recorder-testng-1.4.jar:/Users/gk2210m1s/.m2/repository/org/json/json/20160810/json-20160810.jar:/Users/gk2210m1s/.m2/repository/org/apache/httpcomponents/httpclient/4.5.2/httpclient-4.5.2.jar:/Users/gk2210m1s/.m2/repository/org/apache/httpcomponents/httpcore/4.4.4/httpcore-4.4.4.jar:/Users/gk2210m1s/.m2/repository/com/automation-remarks/video-recorder-core/1.4/video-recorder-core-1.4.jar:/Users/gk2210m1s/.m2/repository/org/zeroturnaround/zt-exec/1.9/zt-exec-1.9.jar:/Users/gk2210m1s/.m2/repository/org/awaitility/awaitility/2.0.0/awaitility-2.0.0.jar:/Users/gk2210m1s/.m2/repository/org/hamcrest/hamcrest-library/1.3/hamcrest-library-1.3.jar:/Users/gk2210m1s/.m2/repository/cglib/cglib-nodep/3.1/cglib-nodep-3.1.jar:/Users/gk2210m1s/.m2/repository/org/objenesis/objenesis/2.1/objenesis-2.1.jar:/Users/gk2210m1s/.m2/repository/com/assertthat/selenium-shutterbug/0.6/selenium-shutterbug-0.6.jar:/Users/gk2210m1s/.m2/repository/io/qameta/allure/allure-attachments/2.14.0/allure-attachments-2.14.0.jar:/Users/gk2210m1s/.m2/repository/io/qameta/allure/allure-java-commons/2.14.0/allure-java-commons-2.14.0.jar:/Users/gk2210m1s/.m2/repository/io/qameta/allure/allure-model/2.14.0/allure-model-2.14.0.jar:/Users/gk2210m1s/.m2/repository/com/fasterxml/jackson/core/jackson-databind/2.12.3/jackson-databind-2.12.3.jar:/Users/gk2210m1s/.m2/repository/com/fasterxml/jackson/core/jackson-core/2.12.3/jackson-core-2.12.3.jar:/Users/gk2210m1s/.m2/repository/org/apache/tika/tika-core/1.26/tika-core-1.26.jar:/Users/gk2210m1s/.m2/repository/org/jooq/joor-java-8/0.9.14/joor-java-8-0.9.14.jar:/Users/gk2210m1s/.m2/repository/org/freemarker/freemarker/2.3.31/freemarker-2.3.31.jar:/Users/gk2210m1s/.m2/repository/io/qameta/allure/allure-testng/2.14.0/allure-testng-2.14.0.jar:/Users/gk2210m1s/.m2/repository/io/qameta/allure/allure-test-filter/2.14.0/allure-test-filter-2.14.0.jar:/Users/gk2210m1s/.m2/repository/com/github/javafaker/javafaker/1.0.2/javafaker-1.0.2.jar:/Users/gk2210m1s/.m2/repository/org/yaml/snakeyaml/1.23/snakeyaml-1.23-android.jar:/Users/gk2210m1s/.m2/repository/com/github/mifmif/generex/1.0.2/generex-1.0.2.jar:/Users/gk2210m1s/.m2/repository/dk/brics/automaton/automaton/1.11-8/automaton-1.11-8.jar:/Users/gk2210m1s/.m2/repository/org/projectlombok/lombok/1.18.20/lombok-1.18.20.jar:/Users/gk2210m1s/.m2/repository/com/fasterxml/jackson/core/jackson-annotations/2.13.4/jackson-annotations-2.13.4.jar:/Users/gk2210m1s/.m2/repository/io/rest-assured/rest-assured/4.2.0/rest-assured-4.2.0.jar:/Users/gk2210m1s/.m2/repository/org/codehaus/groovy/groovy/2.5.8/groovy-2.5.8.jar:/Users/gk2210m1s/.m2/repository/org/codehaus/groovy/groovy-xml/2.5.8/groovy-xml-2.5.8.jar:/Users/gk2210m1s/.m2/repository/org/apache/httpcomponents/httpmime/4.5.3/httpmime-4.5.3.jar:/Users/gk2210m1s/.m2/repository/org/ccil/cowan/tagsoup/tagsoup/1.2.1/tagsoup-1.2.1.jar:/Users/gk2210m1s/.m2/repository/io/rest-assured/json-path/4.2.0/json-path-4.2.0.jar:/Users/gk2210m1s/.m2/repository/org/codehaus/groovy/groovy-json/2.5.8/groovy-json-2.5.8.jar:/Users/gk2210m1s/.m2/repository/io/rest-assured/rest-assured-common/4.2.0/rest-assured-common-4.2.0.jar:/Users/gk2210m1s/.m2/repository/io/rest-assured/xml-path/4.2.0/xml-path-4.2.0.jar:/Users/gk2210m1s/.m2/repository/jakarta/xml/bind/jakarta.xml.bind-api/2.3.2/jakarta.xml.bind-api-2.3.2.jar:/Users/gk2210m1s/.m2/repository/jakarta/activation/jakarta.activation-api/1.2.1/jakarta.activation-api-1.2.1.jar:/Users/gk2210m1s/.m2/repository/com/sun/xml/bind/jaxb-osgi/2.3.0.1/jaxb-osgi-2.3.0.1.jar:/Users/gk2210m1s/.m2/repository/org/apache/sling/org.apache.sling.javax.activation/0.1.0/org.apache.sling.javax.activation-0.1.0.jar:/Users/gk2210m1s/.m2/repository/javax/activation/activation/1.1.1/activation-1.1.1.jar:/Users/gk2210m1s/.m2/repository/io/rest-assured/json-schema-validator/5.2.0/json-schema-validator-5.2.0.jar:/Users/gk2210m1s/.m2/repository/com/github/java-json-tools/json-schema-validator/2.2.14/json-schema-validator-2.2.14.jar:/Users/gk2210m1s/.m2/repository/com/github/java-json-tools/jackson-coreutils-equivalence/1.0/jackson-coreutils-equivalence-1.0.jar:/Users/gk2210m1s/.m2/repository/com/github/java-json-tools/jackson-coreutils/2.0/jackson-coreutils-2.0.jar:/Users/gk2210m1s/.m2/repository/com/github/java-json-tools/msg-simple/1.2/msg-simple-1.2.jar:/Users/gk2210m1s/.m2/repository/com/github/java-json-tools/btf/1.3/btf-1.3.jar:/Users/gk2210m1s/.m2/repository/com/github/java-json-tools/json-schema-core/1.2.14/json-schema-core-1.2.14.jar:/Users/gk2210m1s/.m2/repository/com/github/java-json-tools/uri-template/0.10/uri-template-0.10.jar:/Users/gk2210m1s/.m2/repository/org/mozilla/rhino/1.7.7.2/rhino-1.7.7.2.jar:/Users/gk2210m1s/.m2/repository/com/sun/mail/mailapi/1.6.2/mailapi-1.6.2.jar:/Users/gk2210m1s/.m2/repository/com/googlecode/libphonenumber/libphonenumber/8.11.1/libphonenumber-8.11.1.jar:/Users/gk2210m1s/.m2/repository/net/sf/jopt-simple/jopt-simple/5.0.4/jopt-simple-5.0.4.jar:/Users/gk2210m1s/.m2/repository/org/skyscreamer/jsonassert/1.5.1/jsonassert-1.5.1.jar:/Users/gk2210m1s/.m2/repository/com/vaadin/external/google/android-json/0.0.20131108.vaadin1/android-json-0.0.20131108.vaadin1.jar:/Users/gk2210m1s/.m2/repository/com/googlecode/json-simple/json-simple/1.1.1/json-simple-1.1.1.jar:/Users/gk2210m1s/.m2/repository/junit/junit/4.10/junit-4.10.jar:/Users/gk2210m1s/.m2/repository/io/qameta/allure/allure-rest-assured/2.20.0/allure-rest-assured-2.20.0.jar:/Users/gk2210m1s/.m2/repository/io/grpc/grpc-netty-shaded/1.50.2/grpc-netty-shaded-1.50.2.jar:/Users/gk2210m1s/.m2/repository/com/google/errorprone/error_prone_annotations/2.14.0/error_prone_annotations-2.14.0.jar:/Users/gk2210m1s/.m2/repository/io/perfmark/perfmark-api/0.25.0/perfmark-api-0.25.0.jar:/Users/gk2210m1s/.m2/repository/io/grpc/grpc-core/1.50.2/grpc-core-1.50.2.jar:/Users/gk2210m1s/.m2/repository/com/google/android/annotations/4.1.1.4/annotations-4.1.1.4.jar:/Users/gk2210m1s/.m2/repository/org/codehaus/mojo/animal-sniffer-annotations/1.21/animal-sniffer-annotations-1.21.jar:/Users/gk2210m1s/.m2/repository/io/grpc/grpc-protobuf/1.50.2/grpc-protobuf-1.50.2.jar:/Users/gk2210m1s/.m2/repository/io/grpc/grpc-api/1.50.2/grpc-api-1.50.2.jar:/Users/gk2210m1s/.m2/repository/com/google/code/findbugs/jsr305/3.0.2/jsr305-3.0.2.jar:/Users/gk2210m1s/.m2/repository/com/google/protobuf/protobuf-java/3.21.7/protobuf-java-3.21.7.jar:/Users/gk2210m1s/.m2/repository/com/google/api/grpc/proto-google-common-protos/2.9.0/proto-google-common-protos-2.9.0.jar:/Users/gk2210m1s/.m2/repository/io/grpc/grpc-protobuf-lite/1.50.2/grpc-protobuf-lite-1.50.2.jar:/Users/gk2210m1s/.m2/repository/io/grpc/grpc-stub/1.50.2/grpc-stub-1.50.2.jar:/Users/gk2210m1s/.m2/repository/io/grpc/grpc-all/1.50.2/grpc-all-1.50.2.jar:/Users/gk2210m1s/.m2/repository/io/grpc/grpc-auth/1.50.2/grpc-auth-1.50.2.jar:/Users/gk2210m1s/.m2/repository/com/google/auth/google-auth-library-credentials/1.4.0/google-auth-library-credentials-1.4.0.jar:/Users/gk2210m1s/.m2/repository/io/grpc/grpc-context/1.50.2/grpc-context-1.50.2.jar:/Users/gk2210m1s/.m2/repository/io/grpc/grpc-grpclb/1.50.2/grpc-grpclb-1.50.2.jar:/Users/gk2210m1s/.m2/repository/com/google/protobuf/protobuf-java-util/3.21.7/protobuf-java-util-3.21.7.jar:/Users/gk2210m1s/.m2/repository/io/grpc/grpc-netty/1.50.2/grpc-netty-1.50.2.jar:/Users/gk2210m1s/.m2/repository/io/netty/netty-codec-http2/4.1.79.Final/netty-codec-http2-4.1.79.Final.jar:/Users/gk2210m1s/.m2/repository/io/netty/netty-handler-proxy/4.1.79.Final/netty-handler-proxy-4.1.79.Final.jar:/Users/gk2210m1s/.m2/repository/io/grpc/grpc-okhttp/1.50.2/grpc-okhttp-1.50.2.jar:/Users/gk2210m1s/.m2/repository/com/squareup/okio/okio/1.17.5/okio-1.17.5.jar:/Users/gk2210m1s/.m2/repository/io/grpc/grpc-rls/1.50.2/grpc-rls-1.50.2.jar:/Users/gk2210m1s/.m2/repository/com/google/auto/value/auto-value-annotations/1.9/auto-value-annotations-1.9.jar:/Users/gk2210m1s/.m2/repository/io/grpc/grpc-services/1.50.2/grpc-services-1.50.2.jar:/Users/gk2210m1s/.m2/repository/io/grpc/grpc-xds/1.50.2/grpc-xds-1.50.2.jar:/Users/gk2210m1s/.m2/repository/io/opencensus/opencensus-proto/0.2.0/opencensus-proto-0.2.0.jar:/Users/gk2210m1s/.m2/repository/io/grpc/grpc-alts/1.50.2/grpc-alts-1.50.2.jar:/Users/gk2210m1s/.m2/repository/org/conscrypt/conscrypt-openjdk-uber/2.5.2/conscrypt-openjdk-uber-2.5.2.jar:/Users/gk2210m1s/.m2/repository/com/google/auth/google-auth-library-oauth2-http/1.4.0/google-auth-library-oauth2-http-1.4.0.jar:/Users/gk2210m1s/.m2/repository/com/google/http-client/google-http-client/1.41.0/google-http-client-1.41.0.jar:/Users/gk2210m1s/.m2/repository/io/opencensus/opencensus-api/0.28.0/opencensus-api-0.28.0.jar:/Users/gk2210m1s/.m2/repository/io/opencensus/opencensus-contrib-http-util/0.28.0/opencensus-contrib-http-util-0.28.0.jar:/Users/gk2210m1s/.m2/repository/com/google/http-client/google-http-client-gson/1.41.0/google-http-client-gson-1.41.0.jar:/Users/gk2210m1s/.m2/repository/com/google/re2j/re2j/1.6/re2j-1.6.jar:/Users/gk2210m1s/.m2/repository/io/grpc/grpc-testing/1.50.2/grpc-testing-1.50.2.jar:/Users/gk2210m1s/.m2/repository/com/google/guava/guava/31.1-jre/guava-31.1-jre.jar:/Users/gk2210m1s/.m2/repository/com/google/guava/failureaccess/1.0.1/failureaccess-1.0.1.jar:/Users/gk2210m1s/.m2/repository/com/google/guava/listenablefuture/9999.0-empty-to-avoid-conflict-with-guava/listenablefuture-9999.0-empty-to-avoid-conflict-with-guava.jar:/Users/gk2210m1s/.m2/repository/org/checkerframework/checker-qual/3.12.0/checker-qual-3.12.0.jar:/Users/gk2210m1s/.m2/repository/com/google/j2objc/j2objc-annotations/1.3/j2objc-annotations-1.3.jar:"/>
    <property name="java.vm.vendor" value="Oracle Corporation"/>
    <property name="sun.arch.data.model" value="64"/>
    <property name="java.vendor.url" value="http://java.oracle.com/"/>
    <property name="user.timezone" value=""/>
    <property name="java.vm.specification.version" value="1.8"/>
    <property name="os.name" value="Mac OS X"/>
    <property name="user.country" value="ID"/>
    <property name="sun.java.launcher" value="SUN_STANDARD"/>
    <property name="sun.boot.library.path" value="/Library/Java/JavaVirtualMachines/jdk1.8.0_351.jdk/Contents/Home/jre/lib"/>
    <property name="sun.java.command" value="/Users/gk2210m1s/QA-Automation/target/surefire/surefirebooter6520426030710673652.jar /Users/gk2210m1s/QA-Automation/target/surefire 2022-11-16T18-12-22_012-jvmRun1 surefire2550283076275379096tmp surefire_02535800005448160492tmp"/>
    <property name="http.nonProxyHosts" value="local|*.local|169.254/16|*.169.254/16"/>
    <property name="surefire.test.class.path" value="/Users/gk2210m1s/QA-Automation/target/test-classes:/Users/gk2210m1s/QA-Automation/target/classes:/Users/gk2210m1s/.m2/repository/log4j/log4j/1.2.17/log4j-1.2.17.jar:/Users/gk2210m1s/.m2/repository/org/testng/testng/7.4.0/testng-7.4.0.jar:/Users/gk2210m1s/.m2/repository/com/beust/jcommander/1.78/jcommander-1.78.jar:/Users/gk2210m1s/.m2/repository/org/webjars/jquery/3.5.1/jquery-3.5.1.jar:/Users/gk2210m1s/.m2/repository/org/seleniumhq/selenium/selenium-java/4.5.3/selenium-java-4.5.3.jar:/Users/gk2210m1s/.m2/repository/org/seleniumhq/selenium/selenium-api/4.5.3/selenium-api-4.5.3.jar:/Users/gk2210m1s/.m2/repository/org/seleniumhq/selenium/selenium-devtools-v104/4.5.3/selenium-devtools-v104-4.5.3.jar:/Users/gk2210m1s/.m2/repository/org/seleniumhq/selenium/selenium-devtools-v105/4.5.3/selenium-devtools-v105-4.5.3.jar:/Users/gk2210m1s/.m2/repository/org/seleniumhq/selenium/selenium-devtools-v106/4.5.3/selenium-devtools-v106-4.5.3.jar:/Users/gk2210m1s/.m2/repository/org/seleniumhq/selenium/selenium-devtools-v85/4.5.3/selenium-devtools-v85-4.5.3.jar:/Users/gk2210m1s/.m2/repository/org/seleniumhq/selenium/selenium-remote-driver/4.5.3/selenium-remote-driver-4.5.3.jar:/Users/gk2210m1s/.m2/repository/io/netty/netty-buffer/4.1.84.Final/netty-buffer-4.1.84.Final.jar:/Users/gk2210m1s/.m2/repository/io/netty/netty-codec-http/4.1.84.Final/netty-codec-http-4.1.84.Final.jar:/Users/gk2210m1s/.m2/repository/io/netty/netty-codec/4.1.84.Final/netty-codec-4.1.84.Final.jar:/Users/gk2210m1s/.m2/repository/io/netty/netty-handler/4.1.84.Final/netty-handler-4.1.84.Final.jar:/Users/gk2210m1s/.m2/repository/io/netty/netty-common/4.1.84.Final/netty-common-4.1.84.Final.jar:/Users/gk2210m1s/.m2/repository/io/netty/netty-transport-classes-epoll/4.1.84.Final/netty-transport-classes-epoll-4.1.84.Final.jar:/Users/gk2210m1s/.m2/repository/io/netty/netty-transport-classes-kqueue/4.1.84.Final/netty-transport-classes-kqueue-4.1.84.Final.jar:/Users/gk2210m1s/.m2/repository/io/netty/netty-transport-native-epoll/4.1.84.Final/netty-transport-native-epoll-4.1.84.Final.jar:/Users/gk2210m1s/.m2/repository/io/netty/netty-transport-native-kqueue/4.1.84.Final/netty-transport-native-kqueue-4.1.84.Final.jar:/Users/gk2210m1s/.m2/repository/io/netty/netty-transport-native-unix-common/4.1.84.Final/netty-transport-native-unix-common-4.1.84.Final.jar:/Users/gk2210m1s/.m2/repository/io/netty/netty-transport/4.1.84.Final/netty-transport-4.1.84.Final.jar:/Users/gk2210m1s/.m2/repository/io/netty/netty-resolver/4.1.84.Final/netty-resolver-4.1.84.Final.jar:/Users/gk2210m1s/.m2/repository/io/opentelemetry/opentelemetry-api/1.19.0/opentelemetry-api-1.19.0.jar:/Users/gk2210m1s/.m2/repository/io/opentelemetry/opentelemetry-context/1.19.0/opentelemetry-context-1.19.0.jar:/Users/gk2210m1s/.m2/repository/io/opentelemetry/opentelemetry-exporter-logging/1.19.0/opentelemetry-exporter-logging-1.19.0.jar:/Users/gk2210m1s/.m2/repository/io/opentelemetry/opentelemetry-sdk-metrics/1.19.0/opentelemetry-sdk-metrics-1.19.0.jar:/Users/gk2210m1s/.m2/repository/io/opentelemetry/opentelemetry-sdk-logs/1.19.0-alpha/opentelemetry-sdk-logs-1.19.0-alpha.jar:/Users/gk2210m1s/.m2/repository/io/opentelemetry/opentelemetry-api-logs/1.19.0-alpha/opentelemetry-api-logs-1.19.0-alpha.jar:/Users/gk2210m1s/.m2/repository/io/opentelemetry/opentelemetry-sdk-common/1.19.0/opentelemetry-sdk-common-1.19.0.jar:/Users/gk2210m1s/.m2/repository/io/opentelemetry/opentelemetry-sdk-extension-autoconfigure-spi/1.19.0/opentelemetry-sdk-extension-autoconfigure-spi-1.19.0.jar:/Users/gk2210m1s/.m2/repository/io/opentelemetry/opentelemetry-sdk-extension-autoconfigure/1.19.0-alpha/opentelemetry-sdk-extension-autoconfigure-1.19.0-alpha.jar:/Users/gk2210m1s/.m2/repository/io/opentelemetry/opentelemetry-exporter-common/1.19.0/opentelemetry-exporter-common-1.19.0.jar:/Users/gk2210m1s/.m2/repository/io/opentelemetry/opentelemetry-sdk-trace/1.19.0/opentelemetry-sdk-trace-1.19.0.jar:/Users/gk2210m1s/.m2/repository/io/opentelemetry/opentelemetry-sdk/1.19.0/opentelemetry-sdk-1.19.0.jar:/Users/gk2210m1s/.m2/repository/io/opentelemetry/opentelemetry-semconv/1.19.0-alpha/opentelemetry-semconv-1.19.0-alpha.jar:/Users/gk2210m1s/.m2/repository/io/ous/jtoml/2.0.0/jtoml-2.0.0.jar:/Users/gk2210m1s/.m2/repository/org/apache/commons/commons-exec/1.3/commons-exec-1.3.jar:/Users/gk2210m1s/.m2/repository/org/asynchttpclient/async-http-client/2.12.3/async-http-client-2.12.3.jar:/Users/gk2210m1s/.m2/repository/org/asynchttpclient/async-http-client-netty-utils/2.12.3/async-http-client-netty-utils-2.12.3.jar:/Users/gk2210m1s/.m2/repository/io/netty/netty-codec-socks/4.1.60.Final/netty-codec-socks-4.1.60.Final.jar:/Users/gk2210m1s/.m2/repository/io/netty/netty-transport-native-epoll/4.1.60.Final/netty-transport-native-epoll-4.1.60.Final-linux-x86_64.jar:/Users/gk2210m1s/.m2/repository/io/netty/netty-transport-native-kqueue/4.1.60.Final/netty-transport-native-kqueue-4.1.60.Final-osx-x86_64.jar:/Users/gk2210m1s/.m2/repository/org/reactivestreams/reactive-streams/1.0.3/reactive-streams-1.0.3.jar:/Users/gk2210m1s/.m2/repository/com/typesafe/netty/netty-reactive-streams/2.0.4/netty-reactive-streams-2.0.4.jar:/Users/gk2210m1s/.m2/repository/com/sun/activation/jakarta.activation/1.2.2/jakarta.activation-1.2.2.jar:/Users/gk2210m1s/.m2/repository/org/seleniumhq/selenium/selenium-http/4.5.3/selenium-http-4.5.3.jar:/Users/gk2210m1s/.m2/repository/dev/failsafe/failsafe/3.3.0/failsafe-3.3.0.jar:/Users/gk2210m1s/.m2/repository/org/seleniumhq/selenium/selenium-safari-driver/4.5.3/selenium-safari-driver-4.5.3.jar:/Users/gk2210m1s/.m2/repository/org/seleniumhq/selenium/selenium-firefox-driver/4.5.3/selenium-firefox-driver-4.5.3.jar:/Users/gk2210m1s/.m2/repository/com/google/auto/service/auto-service-annotations/1.0.1/auto-service-annotations-1.0.1.jar:/Users/gk2210m1s/.m2/repository/com/google/auto/service/auto-service/1.0.1/auto-service-1.0.1.jar:/Users/gk2210m1s/.m2/repository/com/google/auto/auto-common/1.2/auto-common-1.2.jar:/Users/gk2210m1s/.m2/repository/org/seleniumhq/selenium/selenium-json/4.5.3/selenium-json-4.5.3.jar:/Users/gk2210m1s/.m2/repository/org/seleniumhq/selenium/selenium-chrome-driver/4.5.3/selenium-chrome-driver-4.5.3.jar:/Users/gk2210m1s/.m2/repository/org/seleniumhq/selenium/selenium-chromium-driver/4.5.3/selenium-chromium-driver-4.5.3.jar:/Users/gk2210m1s/.m2/repository/org/seleniumhq/selenium/selenium-edge-driver/4.5.3/selenium-edge-driver-4.5.3.jar:/Users/gk2210m1s/.m2/repository/io/appium/java-client/8.2.0/java-client-8.2.0.jar:/Users/gk2210m1s/.m2/repository/com/google/code/gson/gson/2.9.1/gson-2.9.1.jar:/Users/gk2210m1s/.m2/repository/commons-codec/commons-codec/1.15/commons-codec-1.15.jar:/Users/gk2210m1s/.m2/repository/cglib/cglib/3.3.0/cglib-3.3.0.jar:/Users/gk2210m1s/.m2/repository/org/ow2/asm/asm/7.1/asm-7.1.jar:/Users/gk2210m1s/.m2/repository/commons-validator/commons-validator/1.7/commons-validator-1.7.jar:/Users/gk2210m1s/.m2/repository/commons-beanutils/commons-beanutils/1.9.4/commons-beanutils-1.9.4.jar:/Users/gk2210m1s/.m2/repository/commons-digester/commons-digester/2.1/commons-digester-2.1.jar:/Users/gk2210m1s/.m2/repository/commons-logging/commons-logging/1.2/commons-logging-1.2.jar:/Users/gk2210m1s/.m2/repository/commons-collections/commons-collections/3.2.2/commons-collections-3.2.2.jar:/Users/gk2210m1s/.m2/repository/org/apache/commons/commons-lang3/3.12.0/commons-lang3-3.12.0.jar:/Users/gk2210m1s/.m2/repository/commons-io/commons-io/2.11.0/commons-io-2.11.0.jar:/Users/gk2210m1s/.m2/repository/org/seleniumhq/selenium/selenium-ie-driver/4.5.3/selenium-ie-driver-4.5.3.jar:/Users/gk2210m1s/.m2/repository/org/seleniumhq/selenium/selenium-support/4.5.3/selenium-support-4.5.3.jar:/Users/gk2210m1s/.m2/repository/net/bytebuddy/byte-buddy/1.12.18/byte-buddy-1.12.18.jar:/Users/gk2210m1s/.m2/repository/com/github/detro/ghostdriver/2.1.0/ghostdriver-2.1.0.jar:/Users/gk2210m1s/.m2/repository/io/github/bonigarcia/webdrivermanager/5.3.0/webdrivermanager-5.3.0.jar:/Users/gk2210m1s/.m2/repository/com/github/docker-java/docker-java/3.2.13/docker-java-3.2.13.jar:/Users/gk2210m1s/.m2/repository/com/github/docker-java/docker-java/docker-java/3.2.13/docker-java-3.2.13.jar:/Users/gk2210m1s/.m2/repository/com/github/docker-java/docker-java/docker-java-api/3.2.13/docker-java-api-3.2.13.jar:/Users/gk2210m1s/.m2/repository/com/github/docker-java/docker-java/docker-java-core/3.2.13/docker-java-core-3.2.13.jar:/Users/gk2210m1s/.m2/repository/com/github/docker-java/docker-java/docker-java-transport/3.2.13/docker-java-transport-3.2.13.jar:/Users/gk2210m1s/.m2/repository/com/github/docker-java/docker-java/docker-java-transport-httpclient5/3.2.13/docker-java-transport-httpclient5-3.2.13.jar:/Users/gk2210m1s/.m2/repository/com/github/docker-java/docker-java/docker-java-transport-jersey/3.2.13/docker-java-transport-jersey-3.2.13.jar:/Users/gk2210m1s/.m2/repository/com/fasterxml/jackson/jaxrs/jackson-jaxrs-json-provider/2.10.3/jackson-jaxrs-json-provider-2.10.3.jar:/Users/gk2210m1s/.m2/repository/com/fasterxml/jackson/jaxrs/jackson-jaxrs-base/2.10.3/jackson-jaxrs-base-2.10.3.jar:/Users/gk2210m1s/.m2/repository/com/fasterxml/jackson/module/jackson-module-jaxb-annotations/2.10.3/jackson-module-jaxb-annotations-2.10.3.jar:/Users/gk2210m1s/.m2/repository/org/glassfish/jersey/connectors/jersey-apache-connector/2.30.1/jersey-apache-connector-2.30.1.jar:/Users/gk2210m1s/.m2/repository/org/glassfish/jersey/core/jersey-common/2.30.1/jersey-common-2.30.1.jar:/Users/gk2210m1s/.m2/repository/jakarta/annotation/jakarta.annotation-api/1.3.5/jakarta.annotation-api-1.3.5.jar:/Users/gk2210m1s/.m2/repository/org/glassfish/hk2/osgi-resource-locator/1.0.3/osgi-resource-locator-1.0.3.jar:/Users/gk2210m1s/.m2/repository/jakarta/ws/rs/jakarta.ws.rs-api/2.1.6/jakarta.ws.rs-api-2.1.6.jar:/Users/gk2210m1s/.m2/repository/org/glassfish/jersey/core/jersey-client/2.30.1/jersey-client-2.30.1.jar:/Users/gk2210m1s/.m2/repository/org/glassfish/hk2/external/jakarta.inject/2.6.1/jakarta.inject-2.6.1.jar:/Users/gk2210m1s/.m2/repository/org/glassfish/jersey/inject/jersey-hk2/2.30.1/jersey-hk2-2.30.1.jar:/Users/gk2210m1s/.m2/repository/org/glassfish/hk2/hk2-locator/2.6.1/hk2-locator-2.6.1.jar:/Users/gk2210m1s/.m2/repository/org/glassfish/hk2/external/aopalliance-repackaged/2.6.1/aopalliance-repackaged-2.6.1.jar:/Users/gk2210m1s/.m2/repository/org/glassfish/hk2/hk2-api/2.6.1/hk2-api-2.6.1.jar:/Users/gk2210m1s/.m2/repository/org/glassfish/hk2/hk2-utils/2.6.1/hk2-utils-2.6.1.jar:/Users/gk2210m1s/.m2/repository/org/javassist/javassist/3.25.0-GA/javassist-3.25.0-GA.jar:/Users/gk2210m1s/.m2/repository/com/kohlschutter/junixsocket/junixsocket-common/2.3.2/junixsocket-common-2.3.2.jar:/Users/gk2210m1s/.m2/repository/com/kohlschutter/junixsocket/junixsocket-native-common/2.3.2/junixsocket-native-common-2.3.2.jar:/Users/gk2210m1s/.m2/repository/com/github/docker-java/docker-java/docker-java-transport-netty/3.2.13/docker-java-transport-netty-3.2.13.jar:/Users/gk2210m1s/.m2/repository/com/github/docker-java/docker-java/docker-java-transport-okhttp/3.2.13/docker-java-transport-okhttp-3.2.13.jar:/Users/gk2210m1s/.m2/repository/com/squareup/okhttp3/okhttp/3.14.9/okhttp-3.14.9.jar:/Users/gk2210m1s/.m2/repository/com/github/docker-java/docker-java/docker-java-transport-tck/3.2.13/docker-java-transport-tck-3.2.13.jar:/Users/gk2210m1s/.m2/repository/org/assertj/assertj-core/3.22.0/assertj-core-3.22.0.jar:/Users/gk2210m1s/.m2/repository/com/squareup/okhttp3/mockwebserver/3.14.9/mockwebserver-3.14.9.jar:/Users/gk2210m1s/.m2/repository/org/testcontainers/testcontainers/1.16.3/testcontainers-1.16.3.jar:/Users/gk2210m1s/.m2/repository/org/rnorth/duct-tape/duct-tape/1.0.8/duct-tape-1.0.8.jar:/Users/gk2210m1s/.m2/repository/org/jetbrains/annotations/17.0.0/annotations-17.0.0.jar:/Users/gk2210m1s/.m2/repository/com/github/docker-java/docker-java-api/3.2.12/docker-java-api-3.2.12.jar:/Users/gk2210m1s/.m2/repository/com/github/docker-java/docker-java-transport-zerodep/3.2.12/docker-java-transport-zerodep-3.2.12.jar:/Users/gk2210m1s/.m2/repository/org/slf4j/slf4j-jdk14/1.7.35/slf4j-jdk14-1.7.35.jar:/Users/gk2210m1s/.m2/repository/com/github/docker-java/docker-java/docker-java-transport-zerodep/3.2.13/docker-java-transport-zerodep-3.2.13.jar:/Users/gk2210m1s/.m2/repository/com/github/docker-java/docker-java-transport-httpclient5/3.2.13/docker-java-transport-httpclient5-3.2.13.jar:/Users/gk2210m1s/.m2/repository/com/github/docker-java/docker-java-transport/3.2.13/docker-java-transport-3.2.13.jar:/Users/gk2210m1s/.m2/repository/net/java/dev/jna/jna/5.8.0/jna-5.8.0.jar:/Users/gk2210m1s/.m2/repository/org/brotli/dec/0.1.2/dec-0.1.2.jar:/Users/gk2210m1s/.m2/repository/org/apache/httpcomponents/client5/httpclient5/5.1.3/httpclient5-5.1.3.jar:/Users/gk2210m1s/.m2/repository/org/apache/httpcomponents/core5/httpcore5/5.1.3/httpcore5-5.1.3.jar:/Users/gk2210m1s/.m2/repository/org/apache/httpcomponents/core5/httpcore5-h2/5.1.3/httpcore5-h2-5.1.3.jar:/Users/gk2210m1s/.m2/repository/ru/yandex/qatools/properties/properties-loader/1.5/properties-loader-1.5.jar:/Users/gk2210m1s/.m2/repository/commons-beanutils/commons-beanutils-core/1.8.3/commons-beanutils-core-1.8.3.jar:/Users/gk2210m1s/.m2/repository/ru/yandex/qatools/ashot/ashot/1.5.4/ashot-1.5.4.jar:/Users/gk2210m1s/.m2/repository/org/hamcrest/hamcrest-core/1.3/hamcrest-core-1.3.jar:/Users/gk2210m1s/.m2/repository/org/hamcrest/hamcrest/2.2/hamcrest-2.2.jar:/Users/gk2210m1s/.m2/repository/ru/qatools/commons/properties/2.0.RC6/properties-2.0.RC6.jar:/Users/gk2210m1s/.m2/repository/ru/yandex/qatools/htmlelements/htmlelements-java/1.17/htmlelements-java-1.17.jar:/Users/gk2210m1s/.m2/repository/joda-time/joda-time/2.10.10/joda-time-2.10.10.jar:/Users/gk2210m1s/.m2/repository/org/apache/poi/poi/5.0.0/poi-5.0.0.jar:/Users/gk2210m1s/.m2/repository/org/apache/commons/commons-collections4/4.4/commons-collections4-4.4.jar:/Users/gk2210m1s/.m2/repository/org/apache/commons/commons-math3/3.6.1/commons-math3-3.6.1.jar:/Users/gk2210m1s/.m2/repository/com/zaxxer/SparseBitSet/1.2/SparseBitSet-1.2.jar:/Users/gk2210m1s/.m2/repository/org/apache/poi/poi-ooxml/5.0.0/poi-ooxml-5.0.0.jar:/Users/gk2210m1s/.m2/repository/org/apache/poi/poi-ooxml-lite/5.0.0/poi-ooxml-lite-5.0.0.jar:/Users/gk2210m1s/.m2/repository/org/apache/commons/commons-compress/1.20/commons-compress-1.20.jar:/Users/gk2210m1s/.m2/repository/com/github/virtuald/curvesapi/1.06/curvesapi-1.06.jar:/Users/gk2210m1s/.m2/repository/org/bouncycastle/bcpkix-jdk15on/1.68/bcpkix-jdk15on-1.68.jar:/Users/gk2210m1s/.m2/repository/org/bouncycastle/bcprov-jdk15on/1.68/bcprov-jdk15on-1.68.jar:/Users/gk2210m1s/.m2/repository/org/apache/santuario/xmlsec/2.2.1/xmlsec-2.2.1.jar:/Users/gk2210m1s/.m2/repository/com/fasterxml/woodstox/woodstox-core/5.2.1/woodstox-core-5.2.1.jar:/Users/gk2210m1s/.m2/repository/org/codehaus/woodstox/stax2-api/4.2/stax2-api-4.2.jar:/Users/gk2210m1s/.m2/repository/org/apache/xmlgraphics/batik-all/1.13/batik-all-1.13.jar:/Users/gk2210m1s/.m2/repository/org/apache/xmlgraphics/batik-anim/1.13/batik-anim-1.13.jar:/Users/gk2210m1s/.m2/repository/org/apache/xmlgraphics/batik-shared-resources/1.13/batik-shared-resources-1.13.jar:/Users/gk2210m1s/.m2/repository/xml-apis/xml-apis-ext/1.3.04/xml-apis-ext-1.3.04.jar:/Users/gk2210m1s/.m2/repository/org/apache/xmlgraphics/batik-awt-util/1.13/batik-awt-util-1.13.jar:/Users/gk2210m1s/.m2/repository/org/apache/xmlgraphics/xmlgraphics-commons/2.4/xmlgraphics-commons-2.4.jar:/Users/gk2210m1s/.m2/repository/org/apache/xmlgraphics/batik-bridge/1.13/batik-bridge-1.13.jar:/Users/gk2210m1s/.m2/repository/org/apache/xmlgraphics/batik-codec/1.13/batik-codec-1.13.jar:/Users/gk2210m1s/.m2/repository/org/apache/xmlgraphics/batik-constants/1.13/batik-constants-1.13.jar:/Users/gk2210m1s/.m2/repository/org/apache/xmlgraphics/batik-css/1.13/batik-css-1.13.jar:/Users/gk2210m1s/.m2/repository/org/apache/xmlgraphics/batik-dom/1.13/batik-dom-1.13.jar:/Users/gk2210m1s/.m2/repository/xalan/xalan/2.7.2/xalan-2.7.2.jar:/Users/gk2210m1s/.m2/repository/xalan/serializer/2.7.2/serializer-2.7.2.jar:/Users/gk2210m1s/.m2/repository/org/apache/xmlgraphics/batik-ext/1.13/batik-ext-1.13.jar:/Users/gk2210m1s/.m2/repository/org/apache/xmlgraphics/batik-extension/1.13/batik-extension-1.13.jar:/Users/gk2210m1s/.m2/repository/org/apache/xmlgraphics/batik-gui-util/1.13/batik-gui-util-1.13.jar:/Users/gk2210m1s/.m2/repository/org/apache/xmlgraphics/batik-gvt/1.13/batik-gvt-1.13.jar:/Users/gk2210m1s/.m2/repository/org/apache/xmlgraphics/batik-i18n/1.13/batik-i18n-1.13.jar:/Users/gk2210m1s/.m2/repository/org/apache/xmlgraphics/batik-parser/1.13/batik-parser-1.13.jar:/Users/gk2210m1s/.m2/repository/org/apache/xmlgraphics/batik-rasterizer-ext/1.13/batik-rasterizer-ext-1.13.jar:/Users/gk2210m1s/.m2/repository/org/apache/xmlgraphics/batik-rasterizer/1.13/batik-rasterizer-1.13.jar:/Users/gk2210m1s/.m2/repository/org/apache/xmlgraphics/batik-script/1.13/batik-script-1.13.jar:/Users/gk2210m1s/.m2/repository/org/apache/xmlgraphics/batik-slideshow/1.13/batik-slideshow-1.13.jar:/Users/gk2210m1s/.m2/repository/org/apache/xmlgraphics/batik-squiggle-ext/1.13/batik-squiggle-ext-1.13.jar:/Users/gk2210m1s/.m2/repository/org/apache/xmlgraphics/batik-squiggle/1.13/batik-squiggle-1.13.jar:/Users/gk2210m1s/.m2/repository/org/apache/xmlgraphics/batik-svg-dom/1.13/batik-svg-dom-1.13.jar:/Users/gk2210m1s/.m2/repository/org/apache/xmlgraphics/batik-svgbrowser/1.13/batik-svgbrowser-1.13.jar:/Users/gk2210m1s/.m2/repository/org/apache/xmlgraphics/batik-svggen/1.13/batik-svggen-1.13.jar:/Users/gk2210m1s/.m2/repository/org/apache/xmlgraphics/batik-svgpp/1.13/batik-svgpp-1.13.jar:/Users/gk2210m1s/.m2/repository/org/apache/xmlgraphics/batik-svgrasterizer/1.13/batik-svgrasterizer-1.13.jar:/Users/gk2210m1s/.m2/repository/org/apache/xmlgraphics/batik-swing/1.13/batik-swing-1.13.jar:/Users/gk2210m1s/.m2/repository/org/apache/xmlgraphics/batik-transcoder/1.13/batik-transcoder-1.13.jar:/Users/gk2210m1s/.m2/repository/org/apache/xmlgraphics/batik-util/1.13/batik-util-1.13.jar:/Users/gk2210m1s/.m2/repository/org/apache/xmlgraphics/batik-ttf2svg/1.13/batik-ttf2svg-1.13.jar:/Users/gk2210m1s/.m2/repository/org/apache/xmlgraphics/batik-xml/1.13/batik-xml-1.13.jar:/Users/gk2210m1s/.m2/repository/de/rototor/pdfbox/graphics2d/0.30/graphics2d-0.30.jar:/Users/gk2210m1s/.m2/repository/org/apache/pdfbox/pdfbox/2.0.22/pdfbox-2.0.22.jar:/Users/gk2210m1s/.m2/repository/org/apache/pdfbox/fontbox/2.0.22/fontbox-2.0.22.jar:/Users/gk2210m1s/.m2/repository/org/apache/poi/poi-ooxml-schemas/4.1.2/poi-ooxml-schemas-4.1.2.jar:/Users/gk2210m1s/.m2/repository/org/apache/poi/ooxml-schemas/1.4/ooxml-schemas-1.4.jar:/Users/gk2210m1s/.m2/repository/org/apache/xmlbeans/xmlbeans/5.0.1/xmlbeans-5.0.1.jar:/Users/gk2210m1s/.m2/repository/org/apache/logging/log4j/log4j-api/2.14.0/log4j-api-2.14.0.jar:/Users/gk2210m1s/.m2/repository/xml-apis/xml-apis/1.4.01/xml-apis-1.4.01.jar:/Users/gk2210m1s/.m2/repository/org/aspectj/aspectjtools/1.9.8.M1/aspectjtools-1.9.8.M1.jar:/Users/gk2210m1s/.m2/repository/org/aspectj/aspectjrt/1.9.8.M1/aspectjrt-1.9.8.M1.jar:/Users/gk2210m1s/.m2/repository/org/slf4j/slf4j-api/2.0.0-alpha2/slf4j-api-2.0.0-alpha2.jar:/Users/gk2210m1s/.m2/repository/org/slf4j/slf4j-log4j12/2.0.0-alpha2/slf4j-log4j12-2.0.0-alpha2.jar:/Users/gk2210m1s/.m2/repository/org/slf4j/jul-to-slf4j/2.0.0-alpha2/jul-to-slf4j-2.0.0-alpha2.jar:/Users/gk2210m1s/.m2/repository/org/slf4j/jcl-over-slf4j/2.0.0-alpha2/jcl-over-slf4j-2.0.0-alpha2.jar:/Users/gk2210m1s/.m2/repository/com/automation-remarks/video-recorder-testng/1.4/video-recorder-testng-1.4.jar:/Users/gk2210m1s/.m2/repository/org/json/json/20160810/json-20160810.jar:/Users/gk2210m1s/.m2/repository/org/apache/httpcomponents/httpclient/4.5.2/httpclient-4.5.2.jar:/Users/gk2210m1s/.m2/repository/org/apache/httpcomponents/httpcore/4.4.4/httpcore-4.4.4.jar:/Users/gk2210m1s/.m2/repository/com/automation-remarks/video-recorder-core/1.4/video-recorder-core-1.4.jar:/Users/gk2210m1s/.m2/repository/org/zeroturnaround/zt-exec/1.9/zt-exec-1.9.jar:/Users/gk2210m1s/.m2/repository/org/awaitility/awaitility/2.0.0/awaitility-2.0.0.jar:/Users/gk2210m1s/.m2/repository/org/hamcrest/hamcrest-library/1.3/hamcrest-library-1.3.jar:/Users/gk2210m1s/.m2/repository/cglib/cglib-nodep/3.1/cglib-nodep-3.1.jar:/Users/gk2210m1s/.m2/repository/org/objenesis/objenesis/2.1/objenesis-2.1.jar:/Users/gk2210m1s/.m2/repository/com/assertthat/selenium-shutterbug/0.6/selenium-shutterbug-0.6.jar:/Users/gk2210m1s/.m2/repository/io/qameta/allure/allure-attachments/2.14.0/allure-attachments-2.14.0.jar:/Users/gk2210m1s/.m2/repository/io/qameta/allure/allure-java-commons/2.14.0/allure-java-commons-2.14.0.jar:/Users/gk2210m1s/.m2/repository/io/qameta/allure/allure-model/2.14.0/allure-model-2.14.0.jar:/Users/gk2210m1s/.m2/repository/com/fasterxml/jackson/core/jackson-databind/2.12.3/jackson-databind-2.12.3.jar:/Users/gk2210m1s/.m2/repository/com/fasterxml/jackson/core/jackson-core/2.12.3/jackson-core-2.12.3.jar:/Users/gk2210m1s/.m2/repository/org/apache/tika/tika-core/1.26/tika-core-1.26.jar:/Users/gk2210m1s/.m2/repository/org/jooq/joor-java-8/0.9.14/joor-java-8-0.9.14.jar:/Users/gk2210m1s/.m2/repository/org/freemarker/freemarker/2.3.31/freemarker-2.3.31.jar:/Users/gk2210m1s/.m2/repository/io/qameta/allure/allure-testng/2.14.0/allure-testng-2.14.0.jar:/Users/gk2210m1s/.m2/repository/io/qameta/allure/allure-test-filter/2.14.0/allure-test-filter-2.14.0.jar:/Users/gk2210m1s/.m2/repository/com/github/javafaker/javafaker/1.0.2/javafaker-1.0.2.jar:/Users/gk2210m1s/.m2/repository/org/yaml/snakeyaml/1.23/snakeyaml-1.23-android.jar:/Users/gk2210m1s/.m2/repository/com/github/mifmif/generex/1.0.2/generex-1.0.2.jar:/Users/gk2210m1s/.m2/repository/dk/brics/automaton/automaton/1.11-8/automaton-1.11-8.jar:/Users/gk2210m1s/.m2/repository/org/projectlombok/lombok/1.18.20/lombok-1.18.20.jar:/Users/gk2210m1s/.m2/repository/com/fasterxml/jackson/core/jackson-annotations/2.13.4/jackson-annotations-2.13.4.jar:/Users/gk2210m1s/.m2/repository/io/rest-assured/rest-assured/4.2.0/rest-assured-4.2.0.jar:/Users/gk2210m1s/.m2/repository/org/codehaus/groovy/groovy/2.5.8/groovy-2.5.8.jar:/Users/gk2210m1s/.m2/repository/org/codehaus/groovy/groovy-xml/2.5.8/groovy-xml-2.5.8.jar:/Users/gk2210m1s/.m2/repository/org/apache/httpcomponents/httpmime/4.5.3/httpmime-4.5.3.jar:/Users/gk2210m1s/.m2/repository/org/ccil/cowan/tagsoup/tagsoup/1.2.1/tagsoup-1.2.1.jar:/Users/gk2210m1s/.m2/repository/io/rest-assured/json-path/4.2.0/json-path-4.2.0.jar:/Users/gk2210m1s/.m2/repository/org/codehaus/groovy/groovy-json/2.5.8/groovy-json-2.5.8.jar:/Users/gk2210m1s/.m2/repository/io/rest-assured/rest-assured-common/4.2.0/rest-assured-common-4.2.0.jar:/Users/gk2210m1s/.m2/repository/io/rest-assured/xml-path/4.2.0/xml-path-4.2.0.jar:/Users/gk2210m1s/.m2/repository/jakarta/xml/bind/jakarta.xml.bind-api/2.3.2/jakarta.xml.bind-api-2.3.2.jar:/Users/gk2210m1s/.m2/repository/jakarta/activation/jakarta.activation-api/1.2.1/jakarta.activation-api-1.2.1.jar:/Users/gk2210m1s/.m2/repository/com/sun/xml/bind/jaxb-osgi/2.3.0.1/jaxb-osgi-2.3.0.1.jar:/Users/gk2210m1s/.m2/repository/org/apache/sling/org.apache.sling.javax.activation/0.1.0/org.apache.sling.javax.activation-0.1.0.jar:/Users/gk2210m1s/.m2/repository/javax/activation/activation/1.1.1/activation-1.1.1.jar:/Users/gk2210m1s/.m2/repository/io/rest-assured/json-schema-validator/5.2.0/json-schema-validator-5.2.0.jar:/Users/gk2210m1s/.m2/repository/com/github/java-json-tools/json-schema-validator/2.2.14/json-schema-validator-2.2.14.jar:/Users/gk2210m1s/.m2/repository/com/github/java-json-tools/jackson-coreutils-equivalence/1.0/jackson-coreutils-equivalence-1.0.jar:/Users/gk2210m1s/.m2/repository/com/github/java-json-tools/jackson-coreutils/2.0/jackson-coreutils-2.0.jar:/Users/gk2210m1s/.m2/repository/com/github/java-json-tools/msg-simple/1.2/msg-simple-1.2.jar:/Users/gk2210m1s/.m2/repository/com/github/java-json-tools/btf/1.3/btf-1.3.jar:/Users/gk2210m1s/.m2/repository/com/github/java-json-tools/json-schema-core/1.2.14/json-schema-core-1.2.14.jar:/Users/gk2210m1s/.m2/repository/com/github/java-json-tools/uri-template/0.10/uri-template-0.10.jar:/Users/gk2210m1s/.m2/repository/org/mozilla/rhino/1.7.7.2/rhino-1.7.7.2.jar:/Users/gk2210m1s/.m2/repository/com/sun/mail/mailapi/1.6.2/mailapi-1.6.2.jar:/Users/gk2210m1s/.m2/repository/com/googlecode/libphonenumber/libphonenumber/8.11.1/libphonenumber-8.11.1.jar:/Users/gk2210m1s/.m2/repository/net/sf/jopt-simple/jopt-simple/5.0.4/jopt-simple-5.0.4.jar:/Users/gk2210m1s/.m2/repository/org/skyscreamer/jsonassert/1.5.1/jsonassert-1.5.1.jar:/Users/gk2210m1s/.m2/repository/com/vaadin/external/google/android-json/0.0.20131108.vaadin1/android-json-0.0.20131108.vaadin1.jar:/Users/gk2210m1s/.m2/repository/com/googlecode/json-simple/json-simple/1.1.1/json-simple-1.1.1.jar:/Users/gk2210m1s/.m2/repository/junit/junit/4.10/junit-4.10.jar:/Users/gk2210m1s/.m2/repository/io/qameta/allure/allure-rest-assured/2.20.0/allure-rest-assured-2.20.0.jar:/Users/gk2210m1s/.m2/repository/io/grpc/grpc-netty-shaded/1.50.2/grpc-netty-shaded-1.50.2.jar:/Users/gk2210m1s/.m2/repository/com/google/errorprone/error_prone_annotations/2.14.0/error_prone_annotations-2.14.0.jar:/Users/gk2210m1s/.m2/repository/io/perfmark/perfmark-api/0.25.0/perfmark-api-0.25.0.jar:/Users/gk2210m1s/.m2/repository/io/grpc/grpc-core/1.50.2/grpc-core-1.50.2.jar:/Users/gk2210m1s/.m2/repository/com/google/android/annotations/4.1.1.4/annotations-4.1.1.4.jar:/Users/gk2210m1s/.m2/repository/org/codehaus/mojo/animal-sniffer-annotations/1.21/animal-sniffer-annotations-1.21.jar:/Users/gk2210m1s/.m2/repository/io/grpc/grpc-protobuf/1.50.2/grpc-protobuf-1.50.2.jar:/Users/gk2210m1s/.m2/repository/io/grpc/grpc-api/1.50.2/grpc-api-1.50.2.jar:/Users/gk2210m1s/.m2/repository/com/google/code/findbugs/jsr305/3.0.2/jsr305-3.0.2.jar:/Users/gk2210m1s/.m2/repository/com/google/protobuf/protobuf-java/3.21.7/protobuf-java-3.21.7.jar:/Users/gk2210m1s/.m2/repository/com/google/api/grpc/proto-google-common-protos/2.9.0/proto-google-common-protos-2.9.0.jar:/Users/gk2210m1s/.m2/repository/io/grpc/grpc-protobuf-lite/1.50.2/grpc-protobuf-lite-1.50.2.jar:/Users/gk2210m1s/.m2/repository/io/grpc/grpc-stub/1.50.2/grpc-stub-1.50.2.jar:/Users/gk2210m1s/.m2/repository/io/grpc/grpc-all/1.50.2/grpc-all-1.50.2.jar:/Users/gk2210m1s/.m2/repository/io/grpc/grpc-auth/1.50.2/grpc-auth-1.50.2.jar:/Users/gk2210m1s/.m2/repository/com/google/auth/google-auth-library-credentials/1.4.0/google-auth-library-credentials-1.4.0.jar:/Users/gk2210m1s/.m2/repository/io/grpc/grpc-context/1.50.2/grpc-context-1.50.2.jar:/Users/gk2210m1s/.m2/repository/io/grpc/grpc-grpclb/1.50.2/grpc-grpclb-1.50.2.jar:/Users/gk2210m1s/.m2/repository/com/google/protobuf/protobuf-java-util/3.21.7/protobuf-java-util-3.21.7.jar:/Users/gk2210m1s/.m2/repository/io/grpc/grpc-netty/1.50.2/grpc-netty-1.50.2.jar:/Users/gk2210m1s/.m2/repository/io/netty/netty-codec-http2/4.1.79.Final/netty-codec-http2-4.1.79.Final.jar:/Users/gk2210m1s/.m2/repository/io/netty/netty-handler-proxy/4.1.79.Final/netty-handler-proxy-4.1.79.Final.jar:/Users/gk2210m1s/.m2/repository/io/grpc/grpc-okhttp/1.50.2/grpc-okhttp-1.50.2.jar:/Users/gk2210m1s/.m2/repository/com/squareup/okio/okio/1.17.5/okio-1.17.5.jar:/Users/gk2210m1s/.m2/repository/io/grpc/grpc-rls/1.50.2/grpc-rls-1.50.2.jar:/Users/gk2210m1s/.m2/repository/com/google/auto/value/auto-value-annotations/1.9/auto-value-annotations-1.9.jar:/Users/gk2210m1s/.m2/repository/io/grpc/grpc-services/1.50.2/grpc-services-1.50.2.jar:/Users/gk2210m1s/.m2/repository/io/grpc/grpc-xds/1.50.2/grpc-xds-1.50.2.jar:/Users/gk2210m1s/.m2/repository/io/opencensus/opencensus-proto/0.2.0/opencensus-proto-0.2.0.jar:/Users/gk2210m1s/.m2/repository/io/grpc/grpc-alts/1.50.2/grpc-alts-1.50.2.jar:/Users/gk2210m1s/.m2/repository/org/conscrypt/conscrypt-openjdk-uber/2.5.2/conscrypt-openjdk-uber-2.5.2.jar:/Users/gk2210m1s/.m2/repository/com/google/auth/google-auth-library-oauth2-http/1.4.0/google-auth-library-oauth2-http-1.4.0.jar:/Users/gk2210m1s/.m2/repository/com/google/http-client/google-http-client/1.41.0/google-http-client-1.41.0.jar:/Users/gk2210m1s/.m2/repository/io/opencensus/opencensus-api/0.28.0/opencensus-api-0.28.0.jar:/Users/gk2210m1s/.m2/repository/io/opencensus/opencensus-contrib-http-util/0.28.0/opencensus-contrib-http-util-0.28.0.jar:/Users/gk2210m1s/.m2/repository/com/google/http-client/google-http-client-gson/1.41.0/google-http-client-gson-1.41.0.jar:/Users/gk2210m1s/.m2/repository/com/google/re2j/re2j/1.6/re2j-1.6.jar:/Users/gk2210m1s/.m2/repository/io/grpc/grpc-testing/1.50.2/grpc-testing-1.50.2.jar:/Users/gk2210m1s/.m2/repository/com/google/guava/guava/31.1-jre/guava-31.1-jre.jar:/Users/gk2210m1s/.m2/repository/com/google/guava/failureaccess/1.0.1/failureaccess-1.0.1.jar:/Users/gk2210m1s/.m2/repository/com/google/guava/listenablefuture/9999.0-empty-to-avoid-conflict-with-guava/listenablefuture-9999.0-empty-to-avoid-conflict-with-guava.jar:/Users/gk2210m1s/.m2/repository/org/checkerframework/checker-qual/3.12.0/checker-qual-3.12.0.jar:/Users/gk2210m1s/.m2/repository/com/google/j2objc/j2objc-annotations/1.3/j2objc-annotations-1.3.jar:"/>
    <property name="sun.cpu.endian" value="little"/>
    <property name="user.home" value="/Users/gk2210m1s"/>
    <property name="user.language" value="en"/>
    <property name="java.specification.vendor" value="Oracle Corporation"/>
    <property name="java.home" value="/Library/Java/JavaVirtualMachines/jdk1.8.0_351.jdk/Contents/Home/jre"/>
    <property name="basedir" value="/Users/gk2210m1s/QA-Automation"/>
    <property name="file.separator" value="/"/>
    <property name="line.separator" value="&#10;"/>
    <property name="java.vm.specification.vendor" value="Oracle Corporation"/>
    <property name="java.specification.name" value="Java Platform API Specification"/>
    <property name="java.awt.graphicsenv" value="sun.awt.CGraphicsEnvironment"/>
    <property name="surefire.real.class.path" value="/Users/gk2210m1s/QA-Automation/target/surefire/surefirebooter6520426030710673652.jar:/Users/gk2210m1s/.m2/repository/org/aspectj/aspectjweaver/1.9.8.M1/aspectjweaver-1.9.8.M1.jar"/>
    <property name="sun.boot.class.path" value="/Library/Java/JavaVirtualMachines/jdk1.8.0_351.jdk/Contents/Home/jre/lib/resources.jar:/Library/Java/JavaVirtualMachines/jdk1.8.0_351.jdk/Contents/Home/jre/lib/rt.jar:/Library/Java/JavaVirtualMachines/jdk1.8.0_351.jdk/Contents/Home/jre/lib/jsse.jar:/Library/Java/JavaVirtualMachines/jdk1.8.0_351.jdk/Contents/Home/jre/lib/jce.jar:/Library/Java/JavaVirtualMachines/jdk1.8.0_351.jdk/Contents/Home/jre/lib/charsets.jar:/Library/Java/JavaVirtualMachines/jdk1.8.0_351.jdk/Contents/Home/jre/lib/jfr.jar:/Library/Java/JavaVirtualMachines/jdk1.8.0_351.jdk/Contents/Home/jre/classes"/>
    <property name="sun.management.compiler" value="HotSpot 64-Bit Tiered Compilers"/>
    <property name="ftp.nonProxyHosts" value="local|*.local|169.254/16|*.169.254/16"/>
    <property name="java.runtime.version" value="1.8.0_351-b10"/>
    <property name="user.name" value="gk2210m1s"/>
    <property name="path.separator" value=":"/>
    <property name="os.version" value="13.0"/>
    <property name="java.endorsed.dirs" value="/Library/Java/JavaVirtualMachines/jdk1.8.0_351.jdk/Contents/Home/jre/lib/endorsed"/>
    <property name="java.runtime.name" value="Java(TM) SE Runtime Environment"/>
    <property name="file.encoding" value="UTF-8"/>
    <property name="java.vm.name" value="Java HotSpot(TM) 64-Bit Server VM"/>
    <property name="localRepository" value="/Users/gk2210m1s/.m2/repository"/>
    <property name="java.vendor.url.bug" value="http://bugreport.sun.com/bugreport/"/>
    <property name="java.io.tmpdir" value="/var/folders/nl/18qd52lx0fddlwc6dx0nlhjh0000gp/T/"/>
    <property name="idea.version" value="2022.2.3"/>
    <property name="java.version" value="1.8.0_351"/>
    <property name="user.dir" value="/Users/gk2210m1s/QA-Automation"/>
    <property name="os.arch" value="x86_64"/>
    <property name="java.vm.specification.name" value="Java Virtual Machine Specification"/>
    <property name="java.awt.printerjob" value="sun.lwawt.macosx.CPrinterJob"/>
    <property name="sun.os.patch.level" value="unknown"/>
    <property name="java.library.path" value="/Users/gk2210m1s/Library/Java/Extensions:/Library/Java/Extensions:/Network/Library/Java/Extensions:/System/Library/Java/Extensions:/usr/lib/java:."/>
    <property name="java.vm.info" value="mixed mode"/>
    <property name="java.vendor" value="Oracle Corporation"/>
    <property name="java.vm.version" value="25.351-b10"/>
    <property name="java.specification.maintenance.version" value="4"/>
    <property name="java.ext.dirs" value="/Users/gk2210m1s/Library/Java/Extensions:/Library/Java/JavaVirtualMachines/jdk1.8.0_351.jdk/Contents/Home/jre/lib/ext:/Library/Java/Extensions:/Network/Library/Java/Extensions:/System/Library/Java/Extensions:/usr/lib/java"/>
    <property name="sun.io.unicode.encoding" value="UnicodeBig"/>
    <property name="java.class.version" value="52.0"/>
    <property name="socksNonProxyHosts" value="local|*.local|169.254/16|*.169.254/16"/>
  </properties>
  <testcase name="mobileBuyerLogin" classname="Gokomodo.FE.Mobile.LoginManager.Buyer.tests.MobileLoginBuyer" time="6.781"/>
  <testcase name="mobileSellerLogin" classname="Gokomodo.FE.Mobile.LoginManager.Seller.tests.MobileLoginSeller" time="4.852"/>
  <testcase name="mobileWebAdminLogin" classname="Gokomodo.FE.MobileWeb.LoginManager.Admin.tests.MobileWebLoginAdmin" time="1.435"/>
  <testcase name="validUserName" classname="Gokomodo.FE.MobileWeb.LoginManager.Buyer.tests.MobileWebLoginBuyer" time="2.929"/>
  <testcase name="validUserName" classname="Gokomodo.FE.MobileWeb.LoginManager.Seller.tests.MobileWebLoginSeller" time="1.793"/>
</testsuite>