<?xml version="1.0" encoding="UTF-8"?>
<!-- Generated by org.testng.reporters.JUnitReportReporter -->
<testsuite skipped="0" hostname="Admins-MacBook-Air.local" name="Gokomodo.FE.Mobile.LoginManager.Seller.tests.MobileLoginSeller" tests="1" failures="0" timestamp="2022-11-16T18:13:44 WIB" time="4.852" errors="0">
  <testcase name="mobileSellerLogin" time="4.852" classname="Gokomodo.FE.Mobile.LoginManager.Seller.tests.MobileLoginSeller"/>
  <system-out/>
</testsuite> <!-- Gokomodo.FE.Mobile.LoginManager.Seller.tests.MobileLoginSeller -->
