<?xml version="1.0" encoding="UTF-8"?>
<!-- Generated by org.testng.reporters.JUnitReportReporter -->
<testsuite skipped="0" hostname="Admins-MacBook-Air.local" name="Gokomodo.FE.MobileWeb.LoginManager.Seller.tests.MobileWebLoginSeller" tests="1" failures="0" timestamp="2022-11-16T18:13:44 WIB" time="1.806" errors="0">
  <testcase name="validUserName" time="1.806" classname="Gokomodo.FE.MobileWeb.LoginManager.Seller.tests.MobileWebLoginSeller"/>
  <system-out/>
</testsuite> <!-- Gokomodo.FE.MobileWeb.LoginManager.Seller.tests.MobileWebLoginSeller -->
