<?xml version="1.0" encoding="UTF-8"?>
<!-- Generated by org.testng.reporters.JUnitReportReporter -->
<testsuite skipped="0" hostname="Admins-MacBook-Air.local" name="Gokomodo.FE.MobileWeb.LoginManager.Buyer.tests.MobileWebLoginBuyer" tests="2" failures="0" timestamp="2022-11-15T13:40:22 WIB" time="4.459" errors="0">
  <testcase name="validUserName" time="2.758" classname="Gokomodo.FE.MobileWeb.LoginManager.Buyer.tests.MobileWebLoginBuyer"/>
  <system-out>
    <![CDATA[
STARTED TESTING: Gokomodo.FE.MobileWeb.LoginManager.Buyer.tests.MobileWebLoginBuyer.validUserName

About to begin executing following method : MobileWebLoginBuyer.validUserName
Completed executing following method : MobileWebLoginBuyer.validUserName

SUCCESSFULLY EXECUTED TEST: Gokomodo.FE.MobileWeb.LoginManager.Buyer.tests.MobileWebLoginBuyer.validUserName


]]>
  </system-out>
  <testcase name="validUserName" time="1.701" classname="Gokomodo.FE.MobileWeb.LoginManager.Buyer.tests.MobileWebLoginBuyer"/>
  <system-out>
    <![CDATA[
STARTED TESTING: Gokomodo.FE.MobileWeb.LoginManager.Buyer.tests.MobileWebLoginBuyer.validUserName

About to begin executing following method : MobileWebLoginBuyer.validUserName
Completed executing following method : MobileWebLoginBuyer.validUserName

SUCCESSFULLY EXECUTED TEST: Gokomodo.FE.MobileWeb.LoginManager.Buyer.tests.MobileWebLoginBuyer.validUserName


]]>
  </system-out>
</testsuite> <!-- Gokomodo.FE.MobileWeb.LoginManager.Buyer.tests.MobileWebLoginBuyer -->
