<?xml version="1.0" encoding="UTF-8"?>
<!-- Generated by org.testng.reporters.JUnitReportReporter -->
<testsuite skipped="0" hostname="Admins-MacBook-Air.local" name="Gokomodo.BE.Rest.tests.ProductTest" tests="3" failures="0" timestamp="2022-11-15T13:40:22 WIB" time="0.636" errors="0">
  <testcase name="loginUser" time="0.235" classname="Gokomodo.BE.Rest.tests.ProductTest"/>
  <system-out>
    <![CDATA[
STARTED TESTING: Gokomodo.BE.Rest.tests.ProductTest.loginUser

About to begin executing following method : ProductTest.loginUser
Completed executing following method : ProductTest.loginUser

SUCCESSFULLY EXECUTED TEST: Gokomodo.BE.Rest.tests.ProductTest.loginUser


]]>
  </system-out>
  <testcase name="createProduct" time="0.183" classname="Gokomodo.BE.Rest.tests.ProductTest"/>
  <system-out>
    <![CDATA[
STARTED TESTING: Gokomodo.BE.Rest.tests.ProductTest.createProduct

About to begin executing following method : ProductTest.createProduct
Completed executing following method : ProductTest.createProduct

SUCCESSFULLY EXECUTED TEST: Gokomodo.BE.Rest.tests.ProductTest.createProduct


]]>
  </system-out>
  <testcase name="findProductById" time="0.218" classname="Gokomodo.BE.Rest.tests.ProductTest"/>
  <system-out>
    <![CDATA[
STARTED TESTING: Gokomodo.BE.Rest.tests.ProductTest.findProductById

About to begin executing following method : ProductTest.findProductById
Completed executing following method : ProductTest.findProductById

SUCCESSFULLY EXECUTED TEST: Gokomodo.BE.Rest.tests.ProductTest.findProductById


]]>
  </system-out>
</testsuite> <!-- Gokomodo.BE.Rest.tests.ProductTest -->
