<?xml version="1.0" encoding="UTF-8"?>
<!-- Generated by org.testng.reporters.JUnitReportReporter -->
<testsuite skipped="0" hostname="Admins-MacBook-Air.local" name="Gokomodo.FE.Web.LoginManager.Seller.tests.LoginSeller" tests="2" failures="0" timestamp="2022-11-15T13:40:22 WIB" time="19.012" errors="0">
  <testcase name="TestloginSeller2" time="6.427" classname="Gokomodo.FE.Web.LoginManager.Seller.tests.LoginSeller"/>
  <system-out>
    <![CDATA[
STARTED TESTING: Gokomodo.FE.Web.LoginManager.Seller.tests.LoginSeller.TestloginSeller2

About to begin executing following method : LoginSeller.TestloginSeller2
Completed executing following method : LoginSeller.TestloginSeller2

SUCCESSFULLY EXECUTED TEST: Gokomodo.FE.Web.LoginManager.Seller.tests.LoginSeller.TestloginSeller2



About to begin executing following method : WebDriverFactory.afterMethod]]>
  </system-out>
  <testcase name="TestloginSeller" time="12.585" classname="Gokomodo.FE.Web.LoginManager.Seller.tests.LoginSeller"/>
  <system-out>
    <![CDATA[
STARTED TESTING: Gokomodo.FE.Web.LoginManager.Seller.tests.LoginSeller.TestloginSeller

About to begin executing following method : LoginSeller.TestloginSeller
Completed executing following method : LoginSeller.TestloginSeller

SUCCESSFULLY EXECUTED TEST: Gokomodo.FE.Web.LoginManager.Seller.tests.LoginSeller.TestloginSeller



About to begin executing following method : WebDriverFactory.afterMethod]]>
  </system-out>
</testsuite> <!-- Gokomodo.FE.Web.LoginManager.Seller.tests.LoginSeller -->
