<?xml version="1.0" encoding="UTF-8"?>
<!-- Generated by org.testng.reporters.JUnitReportReporter -->
<testsuite skipped="0" hostname="Admins-MacBook-Air.local" name="Gokomodo.FE.Mobile.LoginManager.Buyer.tests.MobileLoginBuyer" tests="1" failures="0" timestamp="2022-11-16T18:13:44 WIB" time="6.624" errors="0">
  <testcase name="mobileBuyerLogin" time="6.624" classname="Gokomodo.FE.Mobile.LoginManager.Buyer.tests.MobileLoginBuyer"/>
  <system-out/>
</testsuite> <!-- Gokomodo.FE.Mobile.LoginManager.Buyer.tests.MobileLoginBuyer -->
