<?xml version="1.0" encoding="UTF-8"?>
<!-- Generated by org.testng.reporters.JUnitReportReporter -->
<testsuite skipped="0" hostname="Admins-MacBook-Air.local" name="Gokomodo.FE.MobileWeb.LoginManager.Admin.tests.MobileWebLoginAdmin" tests="2" failures="0" timestamp="2022-11-15T13:40:22 WIB" time="3.055" errors="0">
  <testcase name="mobileWebAdminLogin" time="1.102" classname="Gokomodo.FE.MobileWeb.LoginManager.Admin.tests.MobileWebLoginAdmin"/>
  <system-out>
    <![CDATA[
STARTED TESTING: Gokomodo.FE.MobileWeb.LoginManager.Admin.tests.MobileWebLoginAdmin.mobileWebAdminLogin

About to begin executing following method : MobileWebLoginAdmin.mobileWebAdminLogin
Completed executing following method : MobileWebLoginAdmin.mobileWebAdminLogin

SUCCESSFULLY EXECUTED TEST: Gokomodo.FE.MobileWeb.LoginManager.Admin.tests.MobileWebLoginAdmin.mobileWebAdminLogin


]]>
  </system-out>
  <testcase name="mobileWebAdminLogin" time="1.953" classname="Gokomodo.FE.MobileWeb.LoginManager.Admin.tests.MobileWebLoginAdmin"/>
  <system-out>
    <![CDATA[
STARTED TESTING: Gokomodo.FE.MobileWeb.LoginManager.Admin.tests.MobileWebLoginAdmin.mobileWebAdminLogin

About to begin executing following method : MobileWebLoginAdmin.mobileWebAdminLogin
Completed executing following method : MobileWebLoginAdmin.mobileWebAdminLogin

SUCCESSFULLY EXECUTED TEST: Gokomodo.FE.MobileWeb.LoginManager.Admin.tests.MobileWebLoginAdmin.mobileWebAdminLogin


]]>
  </system-out>
</testsuite> <!-- Gokomodo.FE.MobileWeb.LoginManager.Admin.tests.MobileWebLoginAdmin -->
