<?xml version="1.0" encoding="UTF-8"?>
<!-- Generated by org.testng.reporters.JUnitReportReporter -->
<testsuite skipped="0" hostname="Admins-MacBook-Air.local" name="Gokomodo.BE.Rest.tests.PartnerTest" tests="3" failures="0" timestamp="2022-11-15T13:40:22 WIB" time="5.626" errors="0">
  <testcase name="loginUser" time="4.799" classname="Gokomodo.BE.Rest.tests.PartnerTest"/>
  <system-out>
    <![CDATA[
STARTED TESTING: Gokomodo.BE.Rest.tests.PartnerTest.loginUser

About to begin executing following method : PartnerTest.loginUser
Completed executing following method : PartnerTest.loginUser

SUCCESSFULLY EXECUTED TEST: Gokomodo.BE.Rest.tests.PartnerTest.loginUser


]]>
  </system-out>
  <testcase name="createPartner" time="0.418" classname="Gokomodo.BE.Rest.tests.PartnerTest"/>
  <system-out>
    <![CDATA[
STARTED TESTING: Gokomodo.BE.Rest.tests.PartnerTest.createPartner

About to begin executing following method : PartnerTest.createPartner
Completed executing following method : PartnerTest.createPartner

SUCCESSFULLY EXECUTED TEST: Gokomodo.BE.Rest.tests.PartnerTest.createPartner


]]>
  </system-out>
  <testcase name="findPartnerById" time="0.409" classname="Gokomodo.BE.Rest.tests.PartnerTest"/>
  <system-out>
    <![CDATA[
STARTED TESTING: Gokomodo.BE.Rest.tests.PartnerTest.findPartnerById

About to begin executing following method : PartnerTest.findPartnerById
Completed executing following method : PartnerTest.findPartnerById

SUCCESSFULLY EXECUTED TEST: Gokomodo.BE.Rest.tests.PartnerTest.findPartnerById


]]>
  </system-out>
</testsuite> <!-- Gokomodo.BE.Rest.tests.PartnerTest -->
