<?xml version="1.0" encoding="UTF-8"?>
<!-- Generated by org.testng.reporters.JUnitReportReporter -->
<testsuite skipped="0" hostname="Admins-MacBook-Air.local" name="Gokomodo.FE.Web.LoginManager.Buyer.tests.LoginBuyer" tests="3" failures="0" timestamp="2022-11-15T13:40:22 WIB" time="19.635" errors="0">
  <testcase name="Testloginbuyer2" time="6.504" classname="Gokomodo.FE.Web.LoginManager.Buyer.tests.LoginBuyer"/>
  <system-out>
    <![CDATA[
STARTED TESTING: Gokomodo.FE.Web.LoginManager.Buyer.tests.LoginBuyer.Testloginbuyer2

About to begin executing following method : LoginBuyer.Testloginbuyer2
Completed executing following method : LoginBuyer.Testloginbuyer2

SUCCESSFULLY EXECUTED TEST: Gokomodo.FE.Web.LoginManager.Buyer.tests.LoginBuyer.Testloginbuyer2



About to begin executing following method : BuyerWebDriverFactory.afterMethod]]>
  </system-out>
  <testcase name="Testloginbuyer" time="6.811" classname="Gokomodo.FE.Web.LoginManager.Buyer.tests.LoginBuyer"/>
  <system-out>
    <![CDATA[
STARTED TESTING: Gokomodo.FE.Web.LoginManager.Buyer.tests.LoginBuyer.Testloginbuyer

About to begin executing following method : LoginBuyer.Testloginbuyer
Completed executing following method : LoginBuyer.Testloginbuyer

SUCCESSFULLY EXECUTED TEST: Gokomodo.FE.Web.LoginManager.Buyer.tests.LoginBuyer.Testloginbuyer



About to begin executing following method : BuyerWebDriverFactory.afterMethod]]>
  </system-out>
  <testcase name="Testloginbuyer1" time="6.320" classname="Gokomodo.FE.Web.LoginManager.Buyer.tests.LoginBuyer"/>
  <system-out>
    <![CDATA[
STARTED TESTING: Gokomodo.FE.Web.LoginManager.Buyer.tests.LoginBuyer.Testloginbuyer1

About to begin executing following method : LoginBuyer.Testloginbuyer1
Completed executing following method : LoginBuyer.Testloginbuyer1

SUCCESSFULLY EXECUTED TEST: Gokomodo.FE.Web.LoginManager.Buyer.tests.LoginBuyer.Testloginbuyer1



About to begin executing following method : BuyerWebDriverFactory.afterMethod]]>
  </system-out>
</testsuite> <!-- Gokomodo.FE.Web.LoginManager.Buyer.tests.LoginBuyer -->
