<?xml version="1.0" encoding="UTF-8"?>
<!-- Generated by org.testng.reporters.JUnitReportReporter -->
<testsuite skipped="0" hostname="Admins-MacBook-Air.local" name="Gokomodo.FE.MobileWeb.LoginManager.Admin.tests.MobileWebLoginAdmin" tests="1" failures="0" timestamp="2022-11-16T18:13:44 WIB" time="1.436" errors="0">
  <testcase name="mobileWebAdminLogin" time="1.436" classname="Gokomodo.FE.MobileWeb.LoginManager.Admin.tests.MobileWebLoginAdmin"/>
  <system-out/>
</testsuite> <!-- Gokomodo.FE.MobileWeb.LoginManager.Admin.tests.MobileWebLoginAdmin -->
