<?xml version="1.0" encoding="UTF-8"?>
<!-- Generated by org.testng.reporters.JUnitReportReporter -->
<testsuite skipped="0" hostname="Admins-MacBook-Air.local" name="Gokomodo.FE.Mobile.LoginManager.Buyer.tests.MobileLoginBuyer" tests="2" failures="0" timestamp="2022-11-15T13:40:22 WIB" time="15.269" errors="0">
  <testcase name="mobileBuyerLogin" time="5.435" classname="Gokomodo.FE.Mobile.LoginManager.Buyer.tests.MobileLoginBuyer"/>
  <system-out>
    <![CDATA[
STARTED TESTING: Gokomodo.FE.Mobile.LoginManager.Buyer.tests.MobileLoginBuyer.mobileBuyerLogin

About to begin executing following method : MobileLoginBuyer.mobileBuyerLogin
Completed executing following method : MobileLoginBuyer.mobileBuyerLogin

SUCCESSFULLY EXECUTED TEST: Gokomodo.FE.Mobile.LoginManager.Buyer.tests.MobileLoginBuyer.mobileBuyerLogin


]]>
  </system-out>
  <testcase name="mobileBuyerLogin" time="9.834" classname="Gokomodo.FE.Mobile.LoginManager.Buyer.tests.MobileLoginBuyer"/>
  <system-out>
    <![CDATA[
STARTED TESTING: Gokomodo.FE.Mobile.LoginManager.Buyer.tests.MobileLoginBuyer.mobileBuyerLogin

About to begin executing following method : MobileLoginBuyer.mobileBuyerLogin
Completed executing following method : MobileLoginBuyer.mobileBuyerLogin

SUCCESSFULLY EXECUTED TEST: Gokomodo.FE.Mobile.LoginManager.Buyer.tests.MobileLoginBuyer.mobileBuyerLogin


]]>
  </system-out>
</testsuite> <!-- Gokomodo.FE.Mobile.LoginManager.Buyer.tests.MobileLoginBuyer -->
