<?xml version="1.0" encoding="UTF-8"?>
<!-- Generated by org.testng.reporters.JUnitReportReporter -->
<testsuite skipped="0" hostname="Admins-MacBook-Air.local" name="Gokomodo.FE.MobileWeb.LoginManager.Seller.tests.MobileWebLoginSeller" tests="2" failures="0" timestamp="2022-11-15T13:40:22 WIB" time="3.252" errors="0">
  <testcase name="validUserName" time="0.865" classname="Gokomodo.FE.MobileWeb.LoginManager.Seller.tests.MobileWebLoginSeller"/>
  <system-out>
    <![CDATA[
STARTED TESTING: Gokomodo.FE.MobileWeb.LoginManager.Seller.tests.MobileWebLoginSeller.validUserName

About to begin executing following method : MobileWebLoginSeller.validUserName
Completed executing following method : MobileWebLoginSeller.validUserName

SUCCESSFULLY EXECUTED TEST: Gokomodo.FE.MobileWeb.LoginManager.Seller.tests.MobileWebLoginSeller.validUserName


]]>
  </system-out>
  <testcase name="validUserName" time="2.387" classname="Gokomodo.FE.MobileWeb.LoginManager.Seller.tests.MobileWebLoginSeller"/>
  <system-out>
    <![CDATA[
STARTED TESTING: Gokomodo.FE.MobileWeb.LoginManager.Seller.tests.MobileWebLoginSeller.validUserName

About to begin executing following method : MobileWebLoginSeller.validUserName
Completed executing following method : MobileWebLoginSeller.validUserName

SUCCESSFULLY EXECUTED TEST: Gokomodo.FE.MobileWeb.LoginManager.Seller.tests.MobileWebLoginSeller.validUserName


]]>
  </system-out>
</testsuite> <!-- Gokomodo.FE.MobileWeb.LoginManager.Seller.tests.MobileWebLoginSeller -->
