<?xml version="1.0" encoding="UTF-8"?>
<!-- Generated by org.testng.reporters.JUnitReportReporter -->
<testsuite skipped="0" hostname="Admins-MacBook-Air.local" name="Gokomodo.FE.Mobile.LoginManager.Seller.tests.MobileLoginSeller" tests="2" failures="0" timestamp="2022-11-15T13:40:22 WIB" time="16.417" errors="0">
  <testcase name="mobileSellerLogin" time="4.697" classname="Gokomodo.FE.Mobile.LoginManager.Seller.tests.MobileLoginSeller"/>
  <system-out>
    <![CDATA[
STARTED TESTING: Gokomodo.FE.Mobile.LoginManager.Seller.tests.MobileLoginSeller.mobileSellerLogin

About to begin executing following method : MobileLoginSeller.mobileSellerLogin
Completed executing following method : MobileLoginSeller.mobileSellerLogin

SUCCESSFULLY EXECUTED TEST: Gokomodo.FE.Mobile.LoginManager.Seller.tests.MobileLoginSeller.mobileSellerLogin


]]>
  </system-out>
  <testcase name="mobileSellerLogin" time="11.720" classname="Gokomodo.FE.Mobile.LoginManager.Seller.tests.MobileLoginSeller"/>
  <system-out>
    <![CDATA[
STARTED TESTING: Gokomodo.FE.Mobile.LoginManager.Seller.tests.MobileLoginSeller.mobileSellerLogin

About to begin executing following method : MobileLoginSeller.mobileSellerLogin
Completed executing following method : MobileLoginSeller.mobileSellerLogin

SUCCESSFULLY EXECUTED TEST: Gokomodo.FE.Mobile.LoginManager.Seller.tests.MobileLoginSeller.mobileSellerLogin


]]>
  </system-out>
</testsuite> <!-- Gokomodo.FE.Mobile.LoginManager.Seller.tests.MobileLoginSeller -->
