<?xml version="1.0" encoding="UTF-8"?>
<!-- Generated by org.testng.reporters.JUnitReportReporter -->
<testsuite skipped="0" hostname="Admins-MacBook-Air.local" name="Gokomodo.FE.MobileWeb.LoginManager.Buyer.tests.MobileWebLoginBuyer" tests="1" failures="0" timestamp="2022-11-16T18:13:44 WIB" time="2.946" errors="0">
  <testcase name="validUserName" time="2.946" classname="Gokomodo.FE.MobileWeb.LoginManager.Buyer.tests.MobileWebLoginBuyer"/>
  <system-out/>
</testsuite> <!-- Gokomodo.FE.MobileWeb.LoginManager.Buyer.tests.MobileWebLoginBuyer -->
