<?xml version="1.0" encoding="UTF-8"?>
<!-- Generated by org.testng.reporters.JUnitReportReporter -->
<testsuite skipped="0" hostname="Admins-MacBook-Air.local" name="Gokomodo.FE.Web.LoginManager.Admin.tests.LoginAdmin" tests="2" failures="0" timestamp="2022-11-15T13:40:22 WIB" time="12.480" errors="0">
  <testcase name="TestloginAdmin2" time="6.136" classname="Gokomodo.FE.Web.LoginManager.Admin.tests.LoginAdmin"/>
  <system-out>
    <![CDATA[
STARTED TESTING: Gokomodo.FE.Web.LoginManager.Admin.tests.LoginAdmin.TestloginAdmin2

About to begin executing following method : LoginAdmin.TestloginAdmin2
Completed executing following method : LoginAdmin.TestloginAdmin2

SUCCESSFULLY EXECUTED TEST: Gokomodo.FE.Web.LoginManager.Admin.tests.LoginAdmin.TestloginAdmin2



About to begin executing following method : AdminWebDriverFactory.afterMethod]]>
  </system-out>
  <testcase name="TestloginAdmin" time="6.344" classname="Gokomodo.FE.Web.LoginManager.Admin.tests.LoginAdmin"/>
  <system-out>
    <![CDATA[
STARTED TESTING: Gokomodo.FE.Web.LoginManager.Admin.tests.LoginAdmin.TestloginAdmin

About to begin executing following method : LoginAdmin.TestloginAdmin
Completed executing following method : LoginAdmin.TestloginAdmin

SUCCESSFULLY EXECUTED TEST: Gokomodo.FE.Web.LoginManager.Admin.tests.LoginAdmin.TestloginAdmin



About to begin executing following method : AdminWebDriverFactory.afterMethod]]>
  </system-out>
</testsuite> <!-- Gokomodo.FE.Web.LoginManager.Admin.tests.LoginAdmin -->
