<?xml version="1.0" encoding="UTF-8"?>
<!-- Generated by org.testng.reporters.JUnitReportReporter -->
<testsuite skipped="0" hostname="Admins-MacBook-Air.local" name="Gokomodo.FE.Web.Buyer.tests.ForgotPassword" tests="1" failures="0" timestamp="2022-11-15T13:40:22 WIB" time="6.983" errors="0">
  <testcase name="TestForgetPassbuyer" time="6.983" classname="Gokomodo.FE.Web.Buyer.tests.ForgotPassword"/>
  <system-out>
    <![CDATA[
STARTED TESTING: Gokomodo.FE.Web.Buyer.tests.ForgotPassword.TestForgetPassbuyer

About to begin executing following method : ForgotPassword.TestForgetPassbuyer
Completed executing following method : ForgotPassword.TestForgetPassbuyer

SUCCESSFULLY EXECUTED TEST: Gokomodo.FE.Web.Buyer.tests.ForgotPassword.TestForgetPassbuyer



About to begin executing following method : BuyerWebDriverFactory.afterMethod]]>
  </system-out>
</testsuite> <!-- Gokomodo.FE.Web.Buyer.tests.ForgotPassword -->
